Testing with worker_num=1
Running iteration 1 with worker_num=1...
/workspace/xformers/playground/../../repos/x-transformers/x_transformers/x_transformers.py:439: FutureWarning: `torch.cuda.amp.autocast(args...)` is deprecated. Please use `torch.amp.autocast('cuda', args...)` instead.
  @autocast(enabled = False)
/workspace/xformers/playground/../../repos/x-transformers/x_transformers/x_transformers.py:461: FutureWarning: `torch.cuda.amp.autocast(args...)` is deprecated. Please use `torch.amp.autocast('cuda', args...)` instead.
  @autocast(enabled = False)
/usr/lib/python3.10/contextlib.py:103: FutureWarning: `torch.backends.cuda.sdp_kernel()` is deprecated. In the future, this context manager will be removed. Please see `torch.nn.attention.sdpa_kernel()` for the new context manager, with updated signature.
  self.gen = func(*args, **kwds)
Namespace(query_interval=1, input_seq_len=8, encoder_n=1, prefill_n=1, decode_n=1, encoder_len=1, prefill_len=1, decode_len=6, simu_ts_len=500, real_run=True, enable_recompute=False, mode='parallel_v2', req_interval=0.0584, model='openvla', dim=512, enable_slice=False, warmup_num=10, trail_num=20, profile_mode='flashinfer', only_profile=False, num_trails=200, worker_num=1, verbose=0, config='./config_parallel.yaml', diffusion_step=100, diffusion_stage_num=5)
Start OpenVLA inference...
self.n_replica:  1
====== Graph for prefill generated ======
====== Graph for decode generated ======
====== Graph for DINOv2 generated ======
====== Graph for SigLIP generated ======
Query latency: 3871.365 ms
Query duration: 144.628
Throughput: 6.914
OpenVLA inference finished.
Iteration 1 completed.
--------------------------------------
Running iteration 2 with worker_num=1...
/workspace/xformers/playground/../../repos/x-transformers/x_transformers/x_transformers.py:439: FutureWarning: `torch.cuda.amp.autocast(args...)` is deprecated. Please use `torch.amp.autocast('cuda', args...)` instead.
  @autocast(enabled = False)
/workspace/xformers/playground/../../repos/x-transformers/x_transformers/x_transformers.py:461: FutureWarning: `torch.cuda.amp.autocast(args...)` is deprecated. Please use `torch.amp.autocast('cuda', args...)` instead.
  @autocast(enabled = False)
/usr/lib/python3.10/contextlib.py:103: FutureWarning: `torch.backends.cuda.sdp_kernel()` is deprecated. In the future, this context manager will be removed. Please see `torch.nn.attention.sdpa_kernel()` for the new context manager, with updated signature.
  self.gen = func(*args, **kwds)
Namespace(query_interval=1, input_seq_len=8, encoder_n=1, prefill_n=1, decode_n=1, encoder_len=1, prefill_len=1, decode_len=6, simu_ts_len=500, real_run=True, enable_recompute=False, mode='parallel_v2', req_interval=0.0584, model='openvla', dim=512, enable_slice=False, warmup_num=10, trail_num=20, profile_mode='flashinfer', only_profile=False, num_trails=200, worker_num=1, verbose=0, config='./config_parallel.yaml', diffusion_step=100, diffusion_stage_num=5)
Start OpenVLA inference...
self.n_replica:  1
====== Graph for prefill generated ======
====== Graph for decode generated ======
====== Graph for DINOv2 generated ======
====== Graph for SigLIP generated ======
Query latency: 3990.028 ms
Query duration: 144.638
Throughput: 6.914
OpenVLA inference finished.
Iteration 2 completed.
--------------------------------------
Running iteration 3 with worker_num=1...
/workspace/xformers/playground/../../repos/x-transformers/x_transformers/x_transformers.py:439: FutureWarning: `torch.cuda.amp.autocast(args...)` is deprecated. Please use `torch.amp.autocast('cuda', args...)` instead.
  @autocast(enabled = False)
/workspace/xformers/playground/../../repos/x-transformers/x_transformers/x_transformers.py:461: FutureWarning: `torch.cuda.amp.autocast(args...)` is deprecated. Please use `torch.amp.autocast('cuda', args...)` instead.
  @autocast(enabled = False)
/usr/lib/python3.10/contextlib.py:103: FutureWarning: `torch.backends.cuda.sdp_kernel()` is deprecated. In the future, this context manager will be removed. Please see `torch.nn.attention.sdpa_kernel()` for the new context manager, with updated signature.
  self.gen = func(*args, **kwds)
Namespace(query_interval=1, input_seq_len=8, encoder_n=1, prefill_n=1, decode_n=1, encoder_len=1, prefill_len=1, decode_len=6, simu_ts_len=500, real_run=True, enable_recompute=False, mode='parallel_v2', req_interval=0.0584, model='openvla', dim=512, enable_slice=False, warmup_num=10, trail_num=20, profile_mode='flashinfer', only_profile=False, num_trails=200, worker_num=1, verbose=0, config='./config_parallel.yaml', diffusion_step=100, diffusion_stage_num=5)
Start OpenVLA inference...
self.n_replica:  1
====== Graph for prefill generated ======
====== Graph for decode generated ======
====== Graph for DINOv2 generated ======
====== Graph for SigLIP generated ======
Query latency: 3876.038 ms
Query duration: 144.655
Throughput: 6.913
OpenVLA inference finished.
Iteration 3 completed.
--------------------------------------
Running iteration 4 with worker_num=1...
/workspace/xformers/playground/../../repos/x-transformers/x_transformers/x_transformers.py:439: FutureWarning: `torch.cuda.amp.autocast(args...)` is deprecated. Please use `torch.amp.autocast('cuda', args...)` instead.
  @autocast(enabled = False)
/workspace/xformers/playground/../../repos/x-transformers/x_transformers/x_transformers.py:461: FutureWarning: `torch.cuda.amp.autocast(args...)` is deprecated. Please use `torch.amp.autocast('cuda', args...)` instead.
  @autocast(enabled = False)
/usr/lib/python3.10/contextlib.py:103: FutureWarning: `torch.backends.cuda.sdp_kernel()` is deprecated. In the future, this context manager will be removed. Please see `torch.nn.attention.sdpa_kernel()` for the new context manager, with updated signature.
  self.gen = func(*args, **kwds)
Namespace(query_interval=1, input_seq_len=8, encoder_n=1, prefill_n=1, decode_n=1, encoder_len=1, prefill_len=1, decode_len=6, simu_ts_len=500, real_run=True, enable_recompute=False, mode='parallel_v2', req_interval=0.0584, model='openvla', dim=512, enable_slice=False, warmup_num=10, trail_num=20, profile_mode='flashinfer', only_profile=False, num_trails=200, worker_num=1, verbose=0, config='./config_parallel.yaml', diffusion_step=100, diffusion_stage_num=5)
Start OpenVLA inference...
self.n_replica:  1
====== Graph for prefill generated ======
====== Graph for decode generated ======
====== Graph for DINOv2 generated ======
====== Graph for SigLIP generated ======
Query latency: 4058.567 ms
Query duration: 144.621
Throughput: 6.915
OpenVLA inference finished.
Iteration 4 completed.
--------------------------------------
Running iteration 5 with worker_num=1...
/workspace/xformers/playground/../../repos/x-transformers/x_transformers/x_transformers.py:439: FutureWarning: `torch.cuda.amp.autocast(args...)` is deprecated. Please use `torch.amp.autocast('cuda', args...)` instead.
  @autocast(enabled = False)
/workspace/xformers/playground/../../repos/x-transformers/x_transformers/x_transformers.py:461: FutureWarning: `torch.cuda.amp.autocast(args...)` is deprecated. Please use `torch.amp.autocast('cuda', args...)` instead.
  @autocast(enabled = False)
/usr/lib/python3.10/contextlib.py:103: FutureWarning: `torch.backends.cuda.sdp_kernel()` is deprecated. In the future, this context manager will be removed. Please see `torch.nn.attention.sdpa_kernel()` for the new context manager, with updated signature.
  self.gen = func(*args, **kwds)
Namespace(query_interval=1, input_seq_len=8, encoder_n=1, prefill_n=1, decode_n=1, encoder_len=1, prefill_len=1, decode_len=6, simu_ts_len=500, real_run=True, enable_recompute=False, mode='parallel_v2', req_interval=0.0584, model='openvla', dim=512, enable_slice=False, warmup_num=10, trail_num=20, profile_mode='flashinfer', only_profile=False, num_trails=200, worker_num=1, verbose=0, config='./config_parallel.yaml', diffusion_step=100, diffusion_stage_num=5)
Start OpenVLA inference...
self.n_replica:  1
====== Graph for prefill generated ======
====== Graph for decode generated ======
====== Graph for DINOv2 generated ======
====== Graph for SigLIP generated ======
Query latency: 3671.004 ms
Query duration: 144.704
Throughput: 6.911
OpenVLA inference finished.
Iteration 5 completed.
--------------------------------------
All iterations for worker_num=1 are complete. Output saved to openvla_parallel_worker1.log.
Average Query Duration: 144.649 ms (0.14464900 seconds)
Throughput: 6.91328664 requests/second
====================================
