Running iteration 1 with 1.6...
/workspace/xformers/playground/../../repos/x-transformers/x_transformers/x_transformers.py:439: FutureWarning: `torch.cuda.amp.autocast(args...)` is deprecated. Please use `torch.amp.autocast('cuda', args...)` instead.
  @autocast(enabled = False)
/workspace/xformers/playground/../../repos/x-transformers/x_transformers/x_transformers.py:461: FutureWarning: `torch.cuda.amp.autocast(args...)` is deprecated. Please use `torch.amp.autocast('cuda', args...)` instead.
  @autocast(enabled = False)
Namespace(query_interval=1, input_seq_len=8, encoder_n=1, prefill_n=1, decode_n=1, encoder_len=1, prefill_len=1, decode_len=6, simu_ts_len=500, real_run=True, enable_recompute=False, mode='seq', req_interval=0.1362, model='diffusion_cnn', dim=512, enable_slice=False, warmup_num=10, trail_num=20, profile_mode='flashinfer', only_profile=False, num_trails=200, worker_num=3, verbose=0, config='./config_seq.yaml', diffusion_step=16, diffusion_stage_num=4, input_img_num=1, input_img_size=96, input_traj_cnn_size=16, input_traj_transformer_size=10, input_cond_size=66, input_dim=2, cond_dim=66, n_emb=256, global_cond_dim=132, perception_scale=1.6, generation_scale=1.6)
Start DiffusionPolicy inference...
data_type:  torch.bfloat16
Perception params: 1.168951e+07
Generation params: 2.515119e+08
====== Graph for resnet generated ======
====== Graph for backbone generated ======
Query duration: 83.85 ms
Throughput: 11.927
DiffusionPolicy inference finished.
Iteration 1 completed.
--------------------------------------
Running iteration 2 with 1.6...
/workspace/xformers/playground/../../repos/x-transformers/x_transformers/x_transformers.py:439: FutureWarning: `torch.cuda.amp.autocast(args...)` is deprecated. Please use `torch.amp.autocast('cuda', args...)` instead.
  @autocast(enabled = False)
/workspace/xformers/playground/../../repos/x-transformers/x_transformers/x_transformers.py:461: FutureWarning: `torch.cuda.amp.autocast(args...)` is deprecated. Please use `torch.amp.autocast('cuda', args...)` instead.
  @autocast(enabled = False)
Namespace(query_interval=1, input_seq_len=8, encoder_n=1, prefill_n=1, decode_n=1, encoder_len=1, prefill_len=1, decode_len=6, simu_ts_len=500, real_run=True, enable_recompute=False, mode='seq', req_interval=0.1362, model='diffusion_cnn', dim=512, enable_slice=False, warmup_num=10, trail_num=20, profile_mode='flashinfer', only_profile=False, num_trails=200, worker_num=3, verbose=0, config='./config_seq.yaml', diffusion_step=16, diffusion_stage_num=4, input_img_num=1, input_img_size=96, input_traj_cnn_size=16, input_traj_transformer_size=10, input_cond_size=66, input_dim=2, cond_dim=66, n_emb=256, global_cond_dim=132, perception_scale=1.6, generation_scale=1.6)
Start DiffusionPolicy inference...
data_type:  torch.bfloat16
Perception params: 1.168951e+07
Generation params: 2.515119e+08
====== Graph for resnet generated ======
====== Graph for backbone generated ======
Query duration: 83.84 ms
Throughput: 11.927
DiffusionPolicy inference finished.
Iteration 2 completed.
--------------------------------------
Running iteration 3 with 1.6...
/workspace/xformers/playground/../../repos/x-transformers/x_transformers/x_transformers.py:439: FutureWarning: `torch.cuda.amp.autocast(args...)` is deprecated. Please use `torch.amp.autocast('cuda', args...)` instead.
  @autocast(enabled = False)
/workspace/xformers/playground/../../repos/x-transformers/x_transformers/x_transformers.py:461: FutureWarning: `torch.cuda.amp.autocast(args...)` is deprecated. Please use `torch.amp.autocast('cuda', args...)` instead.
  @autocast(enabled = False)
Namespace(query_interval=1, input_seq_len=8, encoder_n=1, prefill_n=1, decode_n=1, encoder_len=1, prefill_len=1, decode_len=6, simu_ts_len=500, real_run=True, enable_recompute=False, mode='seq', req_interval=0.1362, model='diffusion_cnn', dim=512, enable_slice=False, warmup_num=10, trail_num=20, profile_mode='flashinfer', only_profile=False, num_trails=200, worker_num=3, verbose=0, config='./config_seq.yaml', diffusion_step=16, diffusion_stage_num=4, input_img_num=1, input_img_size=96, input_traj_cnn_size=16, input_traj_transformer_size=10, input_cond_size=66, input_dim=2, cond_dim=66, n_emb=256, global_cond_dim=132, perception_scale=1.6, generation_scale=1.6)
Start DiffusionPolicy inference...
data_type:  torch.bfloat16
Perception params: 1.168951e+07
Generation params: 2.515119e+08
====== Graph for resnet generated ======
====== Graph for backbone generated ======
Query duration: 83.84 ms
Throughput: 11.928
DiffusionPolicy inference finished.
Iteration 3 completed.
--------------------------------------
Running iteration 4 with 1.6...
/workspace/xformers/playground/../../repos/x-transformers/x_transformers/x_transformers.py:439: FutureWarning: `torch.cuda.amp.autocast(args...)` is deprecated. Please use `torch.amp.autocast('cuda', args...)` instead.
  @autocast(enabled = False)
/workspace/xformers/playground/../../repos/x-transformers/x_transformers/x_transformers.py:461: FutureWarning: `torch.cuda.amp.autocast(args...)` is deprecated. Please use `torch.amp.autocast('cuda', args...)` instead.
  @autocast(enabled = False)
Namespace(query_interval=1, input_seq_len=8, encoder_n=1, prefill_n=1, decode_n=1, encoder_len=1, prefill_len=1, decode_len=6, simu_ts_len=500, real_run=True, enable_recompute=False, mode='seq', req_interval=0.1362, model='diffusion_cnn', dim=512, enable_slice=False, warmup_num=10, trail_num=20, profile_mode='flashinfer', only_profile=False, num_trails=200, worker_num=3, verbose=0, config='./config_seq.yaml', diffusion_step=16, diffusion_stage_num=4, input_img_num=1, input_img_size=96, input_traj_cnn_size=16, input_traj_transformer_size=10, input_cond_size=66, input_dim=2, cond_dim=66, n_emb=256, global_cond_dim=132, perception_scale=1.6, generation_scale=1.6)
Start DiffusionPolicy inference...
data_type:  torch.bfloat16
Perception params: 1.168951e+07
Generation params: 2.515119e+08
====== Graph for resnet generated ======
====== Graph for backbone generated ======
Query duration: 83.90 ms
Throughput: 11.918
DiffusionPolicy inference finished.
Iteration 4 completed.
--------------------------------------
Running iteration 5 with 1.6...
/workspace/xformers/playground/../../repos/x-transformers/x_transformers/x_transformers.py:439: FutureWarning: `torch.cuda.amp.autocast(args...)` is deprecated. Please use `torch.amp.autocast('cuda', args...)` instead.
  @autocast(enabled = False)
/workspace/xformers/playground/../../repos/x-transformers/x_transformers/x_transformers.py:461: FutureWarning: `torch.cuda.amp.autocast(args...)` is deprecated. Please use `torch.amp.autocast('cuda', args...)` instead.
  @autocast(enabled = False)
Namespace(query_interval=1, input_seq_len=8, encoder_n=1, prefill_n=1, decode_n=1, encoder_len=1, prefill_len=1, decode_len=6, simu_ts_len=500, real_run=True, enable_recompute=False, mode='seq', req_interval=0.1362, model='diffusion_cnn', dim=512, enable_slice=False, warmup_num=10, trail_num=20, profile_mode='flashinfer', only_profile=False, num_trails=200, worker_num=3, verbose=0, config='./config_seq.yaml', diffusion_step=16, diffusion_stage_num=4, input_img_num=1, input_img_size=96, input_traj_cnn_size=16, input_traj_transformer_size=10, input_cond_size=66, input_dim=2, cond_dim=66, n_emb=256, global_cond_dim=132, perception_scale=1.6, generation_scale=1.6)
Start DiffusionPolicy inference...
data_type:  torch.bfloat16
Perception params: 1.168951e+07
Generation params: 2.515119e+08
====== Graph for resnet generated ======
====== Graph for backbone generated ======
Query duration: 83.81 ms
Throughput: 11.932
DiffusionPolicy inference finished.
Iteration 5 completed.
--------------------------------------
All iterations are complete. Output saved to diffusion_cnn_1.6_seq.log.
Average Query Duration: 83.848 ms (0.08384800 seconds)
Throughput: 11.92634290 requests/second
