Running iteration 1 with 1.4...
/workspace/xformers/playground/../../repos/x-transformers/x_transformers/x_transformers.py:439: FutureWarning: `torch.cuda.amp.autocast(args...)` is deprecated. Please use `torch.amp.autocast('cuda', args...)` instead.
  @autocast(enabled = False)
/workspace/xformers/playground/../../repos/x-transformers/x_transformers/x_transformers.py:461: FutureWarning: `torch.cuda.amp.autocast(args...)` is deprecated. Please use `torch.amp.autocast('cuda', args...)` instead.
  @autocast(enabled = False)
Namespace(query_interval=1, input_seq_len=8, encoder_n=1, prefill_n=1, decode_n=1, encoder_len=1, prefill_len=1, decode_len=6, simu_ts_len=500, real_run=True, enable_recompute=False, mode='seq', req_interval=0.1362, model='diffusion_transformer', dim=512, enable_slice=False, warmup_num=10, trail_num=20, profile_mode='flashinfer', only_profile=False, num_trails=200, worker_num=3, verbose=0, config='./config_seq.yaml', diffusion_step=100, diffusion_stage_num=5, input_img_num=1, input_img_size=96, input_traj_cnn_size=16, input_traj_transformer_size=10, input_cond_size=66, input_dim=2, cond_dim=66, n_emb=256, global_cond_dim=132, perception_scale=1.4, generation_scale=1.4)
Start DiffusionPolicy inference...
Perception params: 1.168951e+07
Generation params: 8.975362e+06
====== Graph for resnet generated ======
Warning: /usr/local/lib/python3.10/dist-packages/torch/nn/modules/transformer.py changed
Warning: /usr/local/lib/python3.10/dist-packages/torch/nn/modules/transformer.py changed
====== Graph for backbone generated ======
Query duration: 67.69 ms
Throughput: 14.773
DiffusionPolicy inference finished.
Iteration 1 completed.
--------------------------------------
Running iteration 2 with 1.4...
/workspace/xformers/playground/../../repos/x-transformers/x_transformers/x_transformers.py:439: FutureWarning: `torch.cuda.amp.autocast(args...)` is deprecated. Please use `torch.amp.autocast('cuda', args...)` instead.
  @autocast(enabled = False)
/workspace/xformers/playground/../../repos/x-transformers/x_transformers/x_transformers.py:461: FutureWarning: `torch.cuda.amp.autocast(args...)` is deprecated. Please use `torch.amp.autocast('cuda', args...)` instead.
  @autocast(enabled = False)
Namespace(query_interval=1, input_seq_len=8, encoder_n=1, prefill_n=1, decode_n=1, encoder_len=1, prefill_len=1, decode_len=6, simu_ts_len=500, real_run=True, enable_recompute=False, mode='seq', req_interval=0.1362, model='diffusion_transformer', dim=512, enable_slice=False, warmup_num=10, trail_num=20, profile_mode='flashinfer', only_profile=False, num_trails=200, worker_num=3, verbose=0, config='./config_seq.yaml', diffusion_step=100, diffusion_stage_num=5, input_img_num=1, input_img_size=96, input_traj_cnn_size=16, input_traj_transformer_size=10, input_cond_size=66, input_dim=2, cond_dim=66, n_emb=256, global_cond_dim=132, perception_scale=1.4, generation_scale=1.4)
Start DiffusionPolicy inference...
Perception params: 1.168951e+07
Generation params: 8.975362e+06
====== Graph for resnet generated ======
Warning: /usr/local/lib/python3.10/dist-packages/torch/nn/modules/transformer.py changed
Warning: /usr/local/lib/python3.10/dist-packages/torch/nn/modules/transformer.py changed
====== Graph for backbone generated ======
Query duration: 67.70 ms
Throughput: 14.771
DiffusionPolicy inference finished.
Iteration 2 completed.
--------------------------------------
Running iteration 3 with 1.4...
/workspace/xformers/playground/../../repos/x-transformers/x_transformers/x_transformers.py:439: FutureWarning: `torch.cuda.amp.autocast(args...)` is deprecated. Please use `torch.amp.autocast('cuda', args...)` instead.
  @autocast(enabled = False)
/workspace/xformers/playground/../../repos/x-transformers/x_transformers/x_transformers.py:461: FutureWarning: `torch.cuda.amp.autocast(args...)` is deprecated. Please use `torch.amp.autocast('cuda', args...)` instead.
  @autocast(enabled = False)
Namespace(query_interval=1, input_seq_len=8, encoder_n=1, prefill_n=1, decode_n=1, encoder_len=1, prefill_len=1, decode_len=6, simu_ts_len=500, real_run=True, enable_recompute=False, mode='seq', req_interval=0.1362, model='diffusion_transformer', dim=512, enable_slice=False, warmup_num=10, trail_num=20, profile_mode='flashinfer', only_profile=False, num_trails=200, worker_num=3, verbose=0, config='./config_seq.yaml', diffusion_step=100, diffusion_stage_num=5, input_img_num=1, input_img_size=96, input_traj_cnn_size=16, input_traj_transformer_size=10, input_cond_size=66, input_dim=2, cond_dim=66, n_emb=256, global_cond_dim=132, perception_scale=1.4, generation_scale=1.4)
Start DiffusionPolicy inference...
Perception params: 1.168951e+07
Generation params: 8.975362e+06
====== Graph for resnet generated ======
Warning: /usr/local/lib/python3.10/dist-packages/torch/nn/modules/transformer.py changed
Warning: /usr/local/lib/python3.10/dist-packages/torch/nn/modules/transformer.py changed
====== Graph for backbone generated ======
Query duration: 67.69 ms
Throughput: 14.773
DiffusionPolicy inference finished.
Iteration 3 completed.
--------------------------------------
Running iteration 4 with 1.4...
/workspace/xformers/playground/../../repos/x-transformers/x_transformers/x_transformers.py:439: FutureWarning: `torch.cuda.amp.autocast(args...)` is deprecated. Please use `torch.amp.autocast('cuda', args...)` instead.
  @autocast(enabled = False)
/workspace/xformers/playground/../../repos/x-transformers/x_transformers/x_transformers.py:461: FutureWarning: `torch.cuda.amp.autocast(args...)` is deprecated. Please use `torch.amp.autocast('cuda', args...)` instead.
  @autocast(enabled = False)
Namespace(query_interval=1, input_seq_len=8, encoder_n=1, prefill_n=1, decode_n=1, encoder_len=1, prefill_len=1, decode_len=6, simu_ts_len=500, real_run=True, enable_recompute=False, mode='seq', req_interval=0.1362, model='diffusion_transformer', dim=512, enable_slice=False, warmup_num=10, trail_num=20, profile_mode='flashinfer', only_profile=False, num_trails=200, worker_num=3, verbose=0, config='./config_seq.yaml', diffusion_step=100, diffusion_stage_num=5, input_img_num=1, input_img_size=96, input_traj_cnn_size=16, input_traj_transformer_size=10, input_cond_size=66, input_dim=2, cond_dim=66, n_emb=256, global_cond_dim=132, perception_scale=1.4, generation_scale=1.4)
Start DiffusionPolicy inference...
Perception params: 1.168951e+07
Generation params: 8.975362e+06
====== Graph for resnet generated ======
Warning: /usr/local/lib/python3.10/dist-packages/torch/nn/modules/transformer.py changed
Warning: /usr/local/lib/python3.10/dist-packages/torch/nn/modules/transformer.py changed
====== Graph for backbone generated ======
Query duration: 67.71 ms
Throughput: 14.770
DiffusionPolicy inference finished.
Iteration 4 completed.
--------------------------------------
Running iteration 5 with 1.4...
/workspace/xformers/playground/../../repos/x-transformers/x_transformers/x_transformers.py:439: FutureWarning: `torch.cuda.amp.autocast(args...)` is deprecated. Please use `torch.amp.autocast('cuda', args...)` instead.
  @autocast(enabled = False)
/workspace/xformers/playground/../../repos/x-transformers/x_transformers/x_transformers.py:461: FutureWarning: `torch.cuda.amp.autocast(args...)` is deprecated. Please use `torch.amp.autocast('cuda', args...)` instead.
  @autocast(enabled = False)
Namespace(query_interval=1, input_seq_len=8, encoder_n=1, prefill_n=1, decode_n=1, encoder_len=1, prefill_len=1, decode_len=6, simu_ts_len=500, real_run=True, enable_recompute=False, mode='seq', req_interval=0.1362, model='diffusion_transformer', dim=512, enable_slice=False, warmup_num=10, trail_num=20, profile_mode='flashinfer', only_profile=False, num_trails=200, worker_num=3, verbose=0, config='./config_seq.yaml', diffusion_step=100, diffusion_stage_num=5, input_img_num=1, input_img_size=96, input_traj_cnn_size=16, input_traj_transformer_size=10, input_cond_size=66, input_dim=2, cond_dim=66, n_emb=256, global_cond_dim=132, perception_scale=1.4, generation_scale=1.4)
Start DiffusionPolicy inference...
Perception params: 1.168951e+07
Generation params: 8.975362e+06
====== Graph for resnet generated ======
Warning: /usr/local/lib/python3.10/dist-packages/torch/nn/modules/transformer.py changed
Warning: /usr/local/lib/python3.10/dist-packages/torch/nn/modules/transformer.py changed
====== Graph for backbone generated ======
Query duration: 67.72 ms
Throughput: 14.766
DiffusionPolicy inference finished.
Iteration 5 completed.
--------------------------------------
All iterations are complete. Output saved to diffusion_transformer_1.4_seq.log.
Average Query Duration: 67.702 ms (0.06770200 seconds)
Throughput: 14.77061238 requests/second
