Running iteration 1 with 0.6...
/workspace/xformers/playground/../../repos/x-transformers/x_transformers/x_transformers.py:439: FutureWarning: `torch.cuda.amp.autocast(args...)` is deprecated. Please use `torch.amp.autocast('cuda', args...)` instead.
  @autocast(enabled = False)
/workspace/xformers/playground/../../repos/x-transformers/x_transformers/x_transformers.py:461: FutureWarning: `torch.cuda.amp.autocast(args...)` is deprecated. Please use `torch.amp.autocast('cuda', args...)` instead.
  @autocast(enabled = False)
Namespace(query_interval=1, input_seq_len=8, encoder_n=1, prefill_n=1, decode_n=1, encoder_len=1, prefill_len=1, decode_len=6, simu_ts_len=500, real_run=True, enable_recompute=False, mode='ours', req_interval=0.1362, model='diffusion_transformer', dim=512, enable_slice=False, warmup_num=10, trail_num=20, profile_mode='flashinfer', only_profile=False, num_trails=200, worker_num=3, verbose=0, config='./config_ours.yaml', diffusion_step=100, diffusion_stage_num=5, input_img_num=1, input_img_size=96, input_traj_cnn_size=16, input_traj_transformer_size=10, input_cond_size=66, input_dim=2, cond_dim=66, n_emb=256, global_cond_dim=132, perception_scale=0.6, generation_scale=0.6)
['e', 'p', 'd', 'd', 'd', 'd', 'd', 'd']
8
---------
('e',): 1
('p', 'e'): 1
('d', 'p', 'e'): 1
('d', 'd', 'p', 'e'): 1
('d', 'd', 'd', 'p', 'e'): 1
('d', 'd', 'd', 'd', 'p', 'e'): 1
('d', 'd', 'd', 'd', 'd', 'p', 'e'): 1
('d', 'd', 'd', 'd', 'd', 'd', 'p', 'e'): 493
['e', 'p', 'd', 'd', 'd', 'd', 'd', 'd']
8
---------
(0,): 1
(1, 0): 1
(2, 1, 0): 1
(3, 2, 1, 0): 1
(4, 3, 2, 1, 0): 1
(5, 4, 3, 2, 1, 0): 1
(6, 5, 4, 3, 2, 1, 0): 1
(7, 6, 5, 4, 3, 2, 1, 0): 493
Start DiffusionPolicy inference...
Perception params: 1.168951e+07
Generation params: 8.975362e+06
====== Graph for resnet generated ======
Warning: /usr/local/lib/python3.10/dist-packages/torch/nn/modules/transformer.py changed
Warning: /usr/local/lib/python3.10/dist-packages/torch/nn/modules/transformer.py changed
Warning: /usr/local/lib/python3.10/dist-packages/torch/nn/modules/transformer.py changed
Warning: /usr/local/lib/python3.10/dist-packages/torch/nn/modules/transformer.py changed
Warning: /usr/local/lib/python3.10/dist-packages/torch/nn/modules/transformer.py changed
Warning: /usr/local/lib/python3.10/dist-packages/torch/nn/modules/transformer.py changed
====== Graph for backbone generated ======
Duration of graphs:  7.848959922790527
Frame interval: 0.0079 s
Throughput: 127.199
DiffusionPolicy inference finished.
Iteration 1 completed.
--------------------------------------
Running iteration 2 with 0.6...
/workspace/xformers/playground/../../repos/x-transformers/x_transformers/x_transformers.py:439: FutureWarning: `torch.cuda.amp.autocast(args...)` is deprecated. Please use `torch.amp.autocast('cuda', args...)` instead.
  @autocast(enabled = False)
/workspace/xformers/playground/../../repos/x-transformers/x_transformers/x_transformers.py:461: FutureWarning: `torch.cuda.amp.autocast(args...)` is deprecated. Please use `torch.amp.autocast('cuda', args...)` instead.
  @autocast(enabled = False)
Namespace(query_interval=1, input_seq_len=8, encoder_n=1, prefill_n=1, decode_n=1, encoder_len=1, prefill_len=1, decode_len=6, simu_ts_len=500, real_run=True, enable_recompute=False, mode='ours', req_interval=0.1362, model='diffusion_transformer', dim=512, enable_slice=False, warmup_num=10, trail_num=20, profile_mode='flashinfer', only_profile=False, num_trails=200, worker_num=3, verbose=0, config='./config_ours.yaml', diffusion_step=100, diffusion_stage_num=5, input_img_num=1, input_img_size=96, input_traj_cnn_size=16, input_traj_transformer_size=10, input_cond_size=66, input_dim=2, cond_dim=66, n_emb=256, global_cond_dim=132, perception_scale=0.6, generation_scale=0.6)
['e', 'p', 'd', 'd', 'd', 'd', 'd', 'd']
8
---------
('e',): 1
('p', 'e'): 1
('d', 'p', 'e'): 1
('d', 'd', 'p', 'e'): 1
('d', 'd', 'd', 'p', 'e'): 1
('d', 'd', 'd', 'd', 'p', 'e'): 1
('d', 'd', 'd', 'd', 'd', 'p', 'e'): 1
('d', 'd', 'd', 'd', 'd', 'd', 'p', 'e'): 493
['e', 'p', 'd', 'd', 'd', 'd', 'd', 'd']
8
---------
(0,): 1
(1, 0): 1
(2, 1, 0): 1
(3, 2, 1, 0): 1
(4, 3, 2, 1, 0): 1
(5, 4, 3, 2, 1, 0): 1
(6, 5, 4, 3, 2, 1, 0): 1
(7, 6, 5, 4, 3, 2, 1, 0): 493
Start DiffusionPolicy inference...
Perception params: 1.168951e+07
Generation params: 8.975362e+06
====== Graph for resnet generated ======
Warning: /usr/local/lib/python3.10/dist-packages/torch/nn/modules/transformer.py changed
Warning: /usr/local/lib/python3.10/dist-packages/torch/nn/modules/transformer.py changed
Warning: /usr/local/lib/python3.10/dist-packages/torch/nn/modules/transformer.py changed
Warning: /usr/local/lib/python3.10/dist-packages/torch/nn/modules/transformer.py changed
Warning: /usr/local/lib/python3.10/dist-packages/torch/nn/modules/transformer.py changed
Warning: /usr/local/lib/python3.10/dist-packages/torch/nn/modules/transformer.py changed
====== Graph for backbone generated ======
Duration of graphs:  7.828800201416016
Frame interval: 0.0079 s
Throughput: 127.383
DiffusionPolicy inference finished.
Iteration 2 completed.
--------------------------------------
Running iteration 3 with 0.6...
/workspace/xformers/playground/../../repos/x-transformers/x_transformers/x_transformers.py:439: FutureWarning: `torch.cuda.amp.autocast(args...)` is deprecated. Please use `torch.amp.autocast('cuda', args...)` instead.
  @autocast(enabled = False)
/workspace/xformers/playground/../../repos/x-transformers/x_transformers/x_transformers.py:461: FutureWarning: `torch.cuda.amp.autocast(args...)` is deprecated. Please use `torch.amp.autocast('cuda', args...)` instead.
  @autocast(enabled = False)
Namespace(query_interval=1, input_seq_len=8, encoder_n=1, prefill_n=1, decode_n=1, encoder_len=1, prefill_len=1, decode_len=6, simu_ts_len=500, real_run=True, enable_recompute=False, mode='ours', req_interval=0.1362, model='diffusion_transformer', dim=512, enable_slice=False, warmup_num=10, trail_num=20, profile_mode='flashinfer', only_profile=False, num_trails=200, worker_num=3, verbose=0, config='./config_ours.yaml', diffusion_step=100, diffusion_stage_num=5, input_img_num=1, input_img_size=96, input_traj_cnn_size=16, input_traj_transformer_size=10, input_cond_size=66, input_dim=2, cond_dim=66, n_emb=256, global_cond_dim=132, perception_scale=0.6, generation_scale=0.6)
['e', 'p', 'd', 'd', 'd', 'd', 'd', 'd']
8
---------
('e',): 1
('p', 'e'): 1
('d', 'p', 'e'): 1
('d', 'd', 'p', 'e'): 1
('d', 'd', 'd', 'p', 'e'): 1
('d', 'd', 'd', 'd', 'p', 'e'): 1
('d', 'd', 'd', 'd', 'd', 'p', 'e'): 1
('d', 'd', 'd', 'd', 'd', 'd', 'p', 'e'): 493
['e', 'p', 'd', 'd', 'd', 'd', 'd', 'd']
8
---------
(0,): 1
(1, 0): 1
(2, 1, 0): 1
(3, 2, 1, 0): 1
(4, 3, 2, 1, 0): 1
(5, 4, 3, 2, 1, 0): 1
(6, 5, 4, 3, 2, 1, 0): 1
(7, 6, 5, 4, 3, 2, 1, 0): 493
Start DiffusionPolicy inference...
Perception params: 1.168951e+07
Generation params: 8.975362e+06
====== Graph for resnet generated ======
Warning: /usr/local/lib/python3.10/dist-packages/torch/nn/modules/transformer.py changed
Warning: /usr/local/lib/python3.10/dist-packages/torch/nn/modules/transformer.py changed
Warning: /usr/local/lib/python3.10/dist-packages/torch/nn/modules/transformer.py changed
Warning: /usr/local/lib/python3.10/dist-packages/torch/nn/modules/transformer.py changed
Warning: /usr/local/lib/python3.10/dist-packages/torch/nn/modules/transformer.py changed
Warning: /usr/local/lib/python3.10/dist-packages/torch/nn/modules/transformer.py changed
====== Graph for backbone generated ======
Duration of graphs:  7.82751989364624
Frame interval: 0.0079 s
Throughput: 127.168
DiffusionPolicy inference finished.
Iteration 3 completed.
--------------------------------------
Running iteration 4 with 0.6...
/workspace/xformers/playground/../../repos/x-transformers/x_transformers/x_transformers.py:439: FutureWarning: `torch.cuda.amp.autocast(args...)` is deprecated. Please use `torch.amp.autocast('cuda', args...)` instead.
  @autocast(enabled = False)
/workspace/xformers/playground/../../repos/x-transformers/x_transformers/x_transformers.py:461: FutureWarning: `torch.cuda.amp.autocast(args...)` is deprecated. Please use `torch.amp.autocast('cuda', args...)` instead.
  @autocast(enabled = False)
Namespace(query_interval=1, input_seq_len=8, encoder_n=1, prefill_n=1, decode_n=1, encoder_len=1, prefill_len=1, decode_len=6, simu_ts_len=500, real_run=True, enable_recompute=False, mode='ours', req_interval=0.1362, model='diffusion_transformer', dim=512, enable_slice=False, warmup_num=10, trail_num=20, profile_mode='flashinfer', only_profile=False, num_trails=200, worker_num=3, verbose=0, config='./config_ours.yaml', diffusion_step=100, diffusion_stage_num=5, input_img_num=1, input_img_size=96, input_traj_cnn_size=16, input_traj_transformer_size=10, input_cond_size=66, input_dim=2, cond_dim=66, n_emb=256, global_cond_dim=132, perception_scale=0.6, generation_scale=0.6)
['e', 'p', 'd', 'd', 'd', 'd', 'd', 'd']
8
---------
('e',): 1
('p', 'e'): 1
('d', 'p', 'e'): 1
('d', 'd', 'p', 'e'): 1
('d', 'd', 'd', 'p', 'e'): 1
('d', 'd', 'd', 'd', 'p', 'e'): 1
('d', 'd', 'd', 'd', 'd', 'p', 'e'): 1
('d', 'd', 'd', 'd', 'd', 'd', 'p', 'e'): 493
['e', 'p', 'd', 'd', 'd', 'd', 'd', 'd']
8
---------
(0,): 1
(1, 0): 1
(2, 1, 0): 1
(3, 2, 1, 0): 1
(4, 3, 2, 1, 0): 1
(5, 4, 3, 2, 1, 0): 1
(6, 5, 4, 3, 2, 1, 0): 1
(7, 6, 5, 4, 3, 2, 1, 0): 493
Start DiffusionPolicy inference...
Perception params: 1.168951e+07
Generation params: 8.975362e+06
====== Graph for resnet generated ======
Warning: /usr/local/lib/python3.10/dist-packages/torch/nn/modules/transformer.py changed
Warning: /usr/local/lib/python3.10/dist-packages/torch/nn/modules/transformer.py changed
Warning: /usr/local/lib/python3.10/dist-packages/torch/nn/modules/transformer.py changed
Warning: /usr/local/lib/python3.10/dist-packages/torch/nn/modules/transformer.py changed
Warning: /usr/local/lib/python3.10/dist-packages/torch/nn/modules/transformer.py changed
Warning: /usr/local/lib/python3.10/dist-packages/torch/nn/modules/transformer.py changed
====== Graph for backbone generated ======
Duration of graphs:  7.857151985168457
Frame interval: 0.0078 s
Throughput: 127.423
DiffusionPolicy inference finished.
Iteration 4 completed.
--------------------------------------
Running iteration 5 with 0.6...
/workspace/xformers/playground/../../repos/x-transformers/x_transformers/x_transformers.py:439: FutureWarning: `torch.cuda.amp.autocast(args...)` is deprecated. Please use `torch.amp.autocast('cuda', args...)` instead.
  @autocast(enabled = False)
/workspace/xformers/playground/../../repos/x-transformers/x_transformers/x_transformers.py:461: FutureWarning: `torch.cuda.amp.autocast(args...)` is deprecated. Please use `torch.amp.autocast('cuda', args...)` instead.
  @autocast(enabled = False)
Namespace(query_interval=1, input_seq_len=8, encoder_n=1, prefill_n=1, decode_n=1, encoder_len=1, prefill_len=1, decode_len=6, simu_ts_len=500, real_run=True, enable_recompute=False, mode='ours', req_interval=0.1362, model='diffusion_transformer', dim=512, enable_slice=False, warmup_num=10, trail_num=20, profile_mode='flashinfer', only_profile=False, num_trails=200, worker_num=3, verbose=0, config='./config_ours.yaml', diffusion_step=100, diffusion_stage_num=5, input_img_num=1, input_img_size=96, input_traj_cnn_size=16, input_traj_transformer_size=10, input_cond_size=66, input_dim=2, cond_dim=66, n_emb=256, global_cond_dim=132, perception_scale=0.6, generation_scale=0.6)
['e', 'p', 'd', 'd', 'd', 'd', 'd', 'd']
8
---------
('e',): 1
('p', 'e'): 1
('d', 'p', 'e'): 1
('d', 'd', 'p', 'e'): 1
('d', 'd', 'd', 'p', 'e'): 1
('d', 'd', 'd', 'd', 'p', 'e'): 1
('d', 'd', 'd', 'd', 'd', 'p', 'e'): 1
('d', 'd', 'd', 'd', 'd', 'd', 'p', 'e'): 493
['e', 'p', 'd', 'd', 'd', 'd', 'd', 'd']
8
---------
(0,): 1
(1, 0): 1
(2, 1, 0): 1
(3, 2, 1, 0): 1
(4, 3, 2, 1, 0): 1
(5, 4, 3, 2, 1, 0): 1
(6, 5, 4, 3, 2, 1, 0): 1
(7, 6, 5, 4, 3, 2, 1, 0): 493
Start DiffusionPolicy inference...
Perception params: 1.168951e+07
Generation params: 8.975362e+06
====== Graph for resnet generated ======
Warning: /usr/local/lib/python3.10/dist-packages/torch/nn/modules/transformer.py changed
Warning: /usr/local/lib/python3.10/dist-packages/torch/nn/modules/transformer.py changed
Warning: /usr/local/lib/python3.10/dist-packages/torch/nn/modules/transformer.py changed
Warning: /usr/local/lib/python3.10/dist-packages/torch/nn/modules/transformer.py changed
Warning: /usr/local/lib/python3.10/dist-packages/torch/nn/modules/transformer.py changed
Warning: /usr/local/lib/python3.10/dist-packages/torch/nn/modules/transformer.py changed
====== Graph for backbone generated ======
Duration of graphs:  7.848127841949463
Frame interval: 0.0079 s
Throughput: 127.383
DiffusionPolicy inference finished.
Iteration 5 completed.
--------------------------------------
All iterations are complete. Output saved to diffusion_transformer_0.6_ours.log.
Average Query Duration: 0.00788 s (0.00788000 seconds)
Throughput: 126.90355329 requests/second
