Running iteration 1 with 160 diffusion steps...
/workspace/xformers/playground/../../repos/x-transformers/x_transformers/x_transformers.py:439: FutureWarning: `torch.cuda.amp.autocast(args...)` is deprecated. Please use `torch.amp.autocast('cuda', args...)` instead.
  @autocast(enabled = False)
/workspace/xformers/playground/../../repos/x-transformers/x_transformers/x_transformers.py:461: FutureWarning: `torch.cuda.amp.autocast(args...)` is deprecated. Please use `torch.amp.autocast('cuda', args...)` instead.
  @autocast(enabled = False)
Namespace(query_interval=1, input_seq_len=8, encoder_n=1, prefill_n=1, decode_n=1, encoder_len=1, prefill_len=1, decode_len=55, simu_ts_len=500, real_run=True, enable_recompute=False, mode='seq', req_interval=0.1362, model='diffusion_transformer', dim=512, enable_slice=False, warmup_num=10, trail_num=20, profile_mode='flashinfer', only_profile=False, num_trails=200, worker_num=3, verbose=0, config='./config_seq.yaml', diffusion_step=160, diffusion_stage_num=5)
Start DiffusionPolicy inference...
====== Graph for resnet generated ======
Warning: /usr/local/lib/python3.10/dist-packages/torch/nn/modules/transformer.py changed
Warning: /usr/local/lib/python3.10/dist-packages/torch/nn/modules/transformer.py changed
====== Graph for backbone generated ======
Query duration: 77.31 ms
Throughput: 12.935
DiffusionPolicy inference finished.
Iteration 1 completed.
--------------------------------------
Running iteration 2 with 160 diffusion steps...
/workspace/xformers/playground/../../repos/x-transformers/x_transformers/x_transformers.py:439: FutureWarning: `torch.cuda.amp.autocast(args...)` is deprecated. Please use `torch.amp.autocast('cuda', args...)` instead.
  @autocast(enabled = False)
/workspace/xformers/playground/../../repos/x-transformers/x_transformers/x_transformers.py:461: FutureWarning: `torch.cuda.amp.autocast(args...)` is deprecated. Please use `torch.amp.autocast('cuda', args...)` instead.
  @autocast(enabled = False)
Namespace(query_interval=1, input_seq_len=8, encoder_n=1, prefill_n=1, decode_n=1, encoder_len=1, prefill_len=1, decode_len=55, simu_ts_len=500, real_run=True, enable_recompute=False, mode='seq', req_interval=0.1362, model='diffusion_transformer', dim=512, enable_slice=False, warmup_num=10, trail_num=20, profile_mode='flashinfer', only_profile=False, num_trails=200, worker_num=3, verbose=0, config='./config_seq.yaml', diffusion_step=160, diffusion_stage_num=5)
Start DiffusionPolicy inference...
====== Graph for resnet generated ======
Warning: /usr/local/lib/python3.10/dist-packages/torch/nn/modules/transformer.py changed
Warning: /usr/local/lib/python3.10/dist-packages/torch/nn/modules/transformer.py changed
====== Graph for backbone generated ======
Query duration: 77.29 ms
Throughput: 12.939
DiffusionPolicy inference finished.
Iteration 2 completed.
--------------------------------------
Running iteration 3 with 160 diffusion steps...
/workspace/xformers/playground/../../repos/x-transformers/x_transformers/x_transformers.py:439: FutureWarning: `torch.cuda.amp.autocast(args...)` is deprecated. Please use `torch.amp.autocast('cuda', args...)` instead.
  @autocast(enabled = False)
/workspace/xformers/playground/../../repos/x-transformers/x_transformers/x_transformers.py:461: FutureWarning: `torch.cuda.amp.autocast(args...)` is deprecated. Please use `torch.amp.autocast('cuda', args...)` instead.
  @autocast(enabled = False)
Namespace(query_interval=1, input_seq_len=8, encoder_n=1, prefill_n=1, decode_n=1, encoder_len=1, prefill_len=1, decode_len=55, simu_ts_len=500, real_run=True, enable_recompute=False, mode='seq', req_interval=0.1362, model='diffusion_transformer', dim=512, enable_slice=False, warmup_num=10, trail_num=20, profile_mode='flashinfer', only_profile=False, num_trails=200, worker_num=3, verbose=0, config='./config_seq.yaml', diffusion_step=160, diffusion_stage_num=5)
Start DiffusionPolicy inference...
====== Graph for resnet generated ======
Warning: /usr/local/lib/python3.10/dist-packages/torch/nn/modules/transformer.py changed
Warning: /usr/local/lib/python3.10/dist-packages/torch/nn/modules/transformer.py changed
====== Graph for backbone generated ======
Query duration: 77.32 ms
Throughput: 12.934
DiffusionPolicy inference finished.
Iteration 3 completed.
--------------------------------------
Running iteration 4 with 160 diffusion steps...
/workspace/xformers/playground/../../repos/x-transformers/x_transformers/x_transformers.py:439: FutureWarning: `torch.cuda.amp.autocast(args...)` is deprecated. Please use `torch.amp.autocast('cuda', args...)` instead.
  @autocast(enabled = False)
/workspace/xformers/playground/../../repos/x-transformers/x_transformers/x_transformers.py:461: FutureWarning: `torch.cuda.amp.autocast(args...)` is deprecated. Please use `torch.amp.autocast('cuda', args...)` instead.
  @autocast(enabled = False)
Namespace(query_interval=1, input_seq_len=8, encoder_n=1, prefill_n=1, decode_n=1, encoder_len=1, prefill_len=1, decode_len=55, simu_ts_len=500, real_run=True, enable_recompute=False, mode='seq', req_interval=0.1362, model='diffusion_transformer', dim=512, enable_slice=False, warmup_num=10, trail_num=20, profile_mode='flashinfer', only_profile=False, num_trails=200, worker_num=3, verbose=0, config='./config_seq.yaml', diffusion_step=160, diffusion_stage_num=5)
Start DiffusionPolicy inference...
====== Graph for resnet generated ======
Warning: /usr/local/lib/python3.10/dist-packages/torch/nn/modules/transformer.py changed
Warning: /usr/local/lib/python3.10/dist-packages/torch/nn/modules/transformer.py changed
====== Graph for backbone generated ======
Query duration: 77.30 ms
Throughput: 12.936
DiffusionPolicy inference finished.
Iteration 4 completed.
--------------------------------------
Running iteration 5 with 160 diffusion steps...
/workspace/xformers/playground/../../repos/x-transformers/x_transformers/x_transformers.py:439: FutureWarning: `torch.cuda.amp.autocast(args...)` is deprecated. Please use `torch.amp.autocast('cuda', args...)` instead.
  @autocast(enabled = False)
/workspace/xformers/playground/../../repos/x-transformers/x_transformers/x_transformers.py:461: FutureWarning: `torch.cuda.amp.autocast(args...)` is deprecated. Please use `torch.amp.autocast('cuda', args...)` instead.
  @autocast(enabled = False)
Namespace(query_interval=1, input_seq_len=8, encoder_n=1, prefill_n=1, decode_n=1, encoder_len=1, prefill_len=1, decode_len=55, simu_ts_len=500, real_run=True, enable_recompute=False, mode='seq', req_interval=0.1362, model='diffusion_transformer', dim=512, enable_slice=False, warmup_num=10, trail_num=20, profile_mode='flashinfer', only_profile=False, num_trails=200, worker_num=3, verbose=0, config='./config_seq.yaml', diffusion_step=160, diffusion_stage_num=5)
Start DiffusionPolicy inference...
====== Graph for resnet generated ======
Warning: /usr/local/lib/python3.10/dist-packages/torch/nn/modules/transformer.py changed
Warning: /usr/local/lib/python3.10/dist-packages/torch/nn/modules/transformer.py changed
====== Graph for backbone generated ======
Query duration: 77.29 ms
Throughput: 12.939
DiffusionPolicy inference finished.
Iteration 5 completed.
--------------------------------------
All iterations are complete. Output saved to diffusion_transformer_160_seq.log.
Average Query Duration: 77.302 ms (0.07730200 seconds)
Throughput: 12.93627590 requests/second
