Running iteration 1 with 21 tokens...
/workspace/xformers/playground/../../repos/x-transformers/x_transformers/x_transformers.py:439: FutureWarning: `torch.cuda.amp.autocast(args...)` is deprecated. Please use `torch.amp.autocast('cuda', args...)` instead.
  @autocast(enabled = False)
/workspace/xformers/playground/../../repos/x-transformers/x_transformers/x_transformers.py:461: FutureWarning: `torch.cuda.amp.autocast(args...)` is deprecated. Please use `torch.amp.autocast('cuda', args...)` instead.
  @autocast(enabled = False)
/usr/lib/python3.10/contextlib.py:103: FutureWarning: `torch.backends.cuda.sdp_kernel()` is deprecated. In the future, this context manager will be removed. Please see `torch.nn.attention.sdpa_kernel()` for the new context manager, with updated signature.
  self.gen = func(*args, **kwds)
Namespace(query_interval=1, input_seq_len=8, encoder_n=1, prefill_n=1, decode_n=1, encoder_len=1, prefill_len=1, decode_len=20, simu_ts_len=500, real_run=True, enable_recompute=False, mode='ours', req_interval=0.1362, model='llava', dim=512, enable_slice=False, warmup_num=10, trail_num=20, profile_mode='flashinfer', only_profile=False, num_trails=200, worker_num=3, verbose=0, config='./config_ours.yaml', diffusion_step=100, diffusion_stage_num=5)
['e', 'p', 'd', 'd', 'd', 'd', 'd', 'd', 'd', 'd', 'd', 'd', 'd', 'd', 'd', 'd', 'd', 'd', 'd', 'd', 'd', 'd']
22
---------
('e',): 1
('p', 'e'): 1
('d', 'p', 'e'): 1
('d', 'd', 'p', 'e'): 1
('d', 'd', 'd', 'p', 'e'): 1
('d', 'd', 'd', 'd', 'p', 'e'): 1
('d', 'd', 'd', 'd', 'd', 'p', 'e'): 1
('d', 'd', 'd', 'd', 'd', 'd', 'p', 'e'): 1
('d', 'd', 'd', 'd', 'd', 'd', 'd', 'p', 'e'): 1
('d', 'd', 'd', 'd', 'd', 'd', 'd', 'd', 'p', 'e'): 1
('d', 'd', 'd', 'd', 'd', 'd', 'd', 'd', 'd', 'p', 'e'): 1
('d', 'd', 'd', 'd', 'd', 'd', 'd', 'd', 'd', 'd', 'p', 'e'): 1
('d', 'd', 'd', 'd', 'd', 'd', 'd', 'd', 'd', 'd', 'd', 'p', 'e'): 1
('d', 'd', 'd', 'd', 'd', 'd', 'd', 'd', 'd', 'd', 'd', 'd', 'p', 'e'): 1
('d', 'd', 'd', 'd', 'd', 'd', 'd', 'd', 'd', 'd', 'd', 'd', 'd', 'p', 'e'): 1
('d', 'd', 'd', 'd', 'd', 'd', 'd', 'd', 'd', 'd', 'd', 'd', 'd', 'd', 'p', 'e'): 1
('d', 'd', 'd', 'd', 'd', 'd', 'd', 'd', 'd', 'd', 'd', 'd', 'd', 'd', 'd', 'p', 'e'): 1
('d', 'd', 'd', 'd', 'd', 'd', 'd', 'd', 'd', 'd', 'd', 'd', 'd', 'd', 'd', 'd', 'p', 'e'): 1
('d', 'd', 'd', 'd', 'd', 'd', 'd', 'd', 'd', 'd', 'd', 'd', 'd', 'd', 'd', 'd', 'd', 'p', 'e'): 1
('d', 'd', 'd', 'd', 'd', 'd', 'd', 'd', 'd', 'd', 'd', 'd', 'd', 'd', 'd', 'd', 'd', 'd', 'p', 'e'): 1
('d', 'd', 'd', 'd', 'd', 'd', 'd', 'd', 'd', 'd', 'd', 'd', 'd', 'd', 'd', 'd', 'd', 'd', 'd', 'p', 'e'): 1
('d', 'd', 'd', 'd', 'd', 'd', 'd', 'd', 'd', 'd', 'd', 'd', 'd', 'd', 'd', 'd', 'd', 'd', 'd', 'd', 'p', 'e'): 479
['e', 'p', 'd', 'd', 'd', 'd', 'd', 'd', 'd', 'd', 'd', 'd', 'd', 'd', 'd', 'd', 'd', 'd', 'd', 'd', 'd', 'd']
22
---------
(0,): 1
(1, 0): 1
(2, 1, 0): 1
(3, 2, 1, 0): 1
(4, 3, 2, 1, 0): 1
(5, 4, 3, 2, 1, 0): 1
(6, 5, 4, 3, 2, 1, 0): 1
(7, 6, 5, 4, 3, 2, 1, 0): 1
(8, 7, 6, 5, 4, 3, 2, 1, 0): 1
(9, 8, 7, 6, 5, 4, 3, 2, 1, 0): 1
(10, 9, 8, 7, 6, 5, 4, 3, 2, 1, 0): 1
(11, 10, 9, 8, 7, 6, 5, 4, 3, 2, 1, 0): 1
(12, 11, 10, 9, 8, 7, 6, 5, 4, 3, 2, 1, 0): 1
(13, 12, 11, 10, 9, 8, 7, 6, 5, 4, 3, 2, 1, 0): 1
(14, 13, 12, 11, 10, 9, 8, 7, 6, 5, 4, 3, 2, 1, 0): 1
(15, 14, 13, 12, 11, 10, 9, 8, 7, 6, 5, 4, 3, 2, 1, 0): 1
(16, 15, 14, 13, 12, 11, 10, 9, 8, 7, 6, 5, 4, 3, 2, 1, 0): 1
(17, 16, 15, 14, 13, 12, 11, 10, 9, 8, 7, 6, 5, 4, 3, 2, 1, 0): 1
(18, 17, 16, 15, 14, 13, 12, 11, 10, 9, 8, 7, 6, 5, 4, 3, 2, 1, 0): 1
(19, 18, 17, 16, 15, 14, 13, 12, 11, 10, 9, 8, 7, 6, 5, 4, 3, 2, 1, 0): 1
(20, 19, 18, 17, 16, 15, 14, 13, 12, 11, 10, 9, 8, 7, 6, 5, 4, 3, 2, 1, 0): 1
(21, 20, 19, 18, 17, 16, 15, 14, 13, 12, 11, 10, 9, 8, 7, 6, 5, 4, 3, 2, 1, 0): 479
Start LLaVa inference...
self.n_replica:  1
====== Graph for prefill generated ======
====== Graph for decode generated ======
====== Graph for vision generated ======
Duration of graphs:  [26.259456634521484, 69.58489227294922]
Frame interval: 0.0699 s
Throughput: 14.31
LLaVa inference finished.
Iteration 1 completed.
--------------------------------------
Running iteration 2 with 21 tokens...
/workspace/xformers/playground/../../repos/x-transformers/x_transformers/x_transformers.py:439: FutureWarning: `torch.cuda.amp.autocast(args...)` is deprecated. Please use `torch.amp.autocast('cuda', args...)` instead.
  @autocast(enabled = False)
/workspace/xformers/playground/../../repos/x-transformers/x_transformers/x_transformers.py:461: FutureWarning: `torch.cuda.amp.autocast(args...)` is deprecated. Please use `torch.amp.autocast('cuda', args...)` instead.
  @autocast(enabled = False)
/usr/lib/python3.10/contextlib.py:103: FutureWarning: `torch.backends.cuda.sdp_kernel()` is deprecated. In the future, this context manager will be removed. Please see `torch.nn.attention.sdpa_kernel()` for the new context manager, with updated signature.
  self.gen = func(*args, **kwds)
Namespace(query_interval=1, input_seq_len=8, encoder_n=1, prefill_n=1, decode_n=1, encoder_len=1, prefill_len=1, decode_len=20, simu_ts_len=500, real_run=True, enable_recompute=False, mode='ours', req_interval=0.1362, model='llava', dim=512, enable_slice=False, warmup_num=10, trail_num=20, profile_mode='flashinfer', only_profile=False, num_trails=200, worker_num=3, verbose=0, config='./config_ours.yaml', diffusion_step=100, diffusion_stage_num=5)
['e', 'p', 'd', 'd', 'd', 'd', 'd', 'd', 'd', 'd', 'd', 'd', 'd', 'd', 'd', 'd', 'd', 'd', 'd', 'd', 'd', 'd']
22
---------
('e',): 1
('p', 'e'): 1
('d', 'p', 'e'): 1
('d', 'd', 'p', 'e'): 1
('d', 'd', 'd', 'p', 'e'): 1
('d', 'd', 'd', 'd', 'p', 'e'): 1
('d', 'd', 'd', 'd', 'd', 'p', 'e'): 1
('d', 'd', 'd', 'd', 'd', 'd', 'p', 'e'): 1
('d', 'd', 'd', 'd', 'd', 'd', 'd', 'p', 'e'): 1
('d', 'd', 'd', 'd', 'd', 'd', 'd', 'd', 'p', 'e'): 1
('d', 'd', 'd', 'd', 'd', 'd', 'd', 'd', 'd', 'p', 'e'): 1
('d', 'd', 'd', 'd', 'd', 'd', 'd', 'd', 'd', 'd', 'p', 'e'): 1
('d', 'd', 'd', 'd', 'd', 'd', 'd', 'd', 'd', 'd', 'd', 'p', 'e'): 1
('d', 'd', 'd', 'd', 'd', 'd', 'd', 'd', 'd', 'd', 'd', 'd', 'p', 'e'): 1
('d', 'd', 'd', 'd', 'd', 'd', 'd', 'd', 'd', 'd', 'd', 'd', 'd', 'p', 'e'): 1
('d', 'd', 'd', 'd', 'd', 'd', 'd', 'd', 'd', 'd', 'd', 'd', 'd', 'd', 'p', 'e'): 1
('d', 'd', 'd', 'd', 'd', 'd', 'd', 'd', 'd', 'd', 'd', 'd', 'd', 'd', 'd', 'p', 'e'): 1
('d', 'd', 'd', 'd', 'd', 'd', 'd', 'd', 'd', 'd', 'd', 'd', 'd', 'd', 'd', 'd', 'p', 'e'): 1
('d', 'd', 'd', 'd', 'd', 'd', 'd', 'd', 'd', 'd', 'd', 'd', 'd', 'd', 'd', 'd', 'd', 'p', 'e'): 1
('d', 'd', 'd', 'd', 'd', 'd', 'd', 'd', 'd', 'd', 'd', 'd', 'd', 'd', 'd', 'd', 'd', 'd', 'p', 'e'): 1
('d', 'd', 'd', 'd', 'd', 'd', 'd', 'd', 'd', 'd', 'd', 'd', 'd', 'd', 'd', 'd', 'd', 'd', 'd', 'p', 'e'): 1
('d', 'd', 'd', 'd', 'd', 'd', 'd', 'd', 'd', 'd', 'd', 'd', 'd', 'd', 'd', 'd', 'd', 'd', 'd', 'd', 'p', 'e'): 479
['e', 'p', 'd', 'd', 'd', 'd', 'd', 'd', 'd', 'd', 'd', 'd', 'd', 'd', 'd', 'd', 'd', 'd', 'd', 'd', 'd', 'd']
22
---------
(0,): 1
(1, 0): 1
(2, 1, 0): 1
(3, 2, 1, 0): 1
(4, 3, 2, 1, 0): 1
(5, 4, 3, 2, 1, 0): 1
(6, 5, 4, 3, 2, 1, 0): 1
(7, 6, 5, 4, 3, 2, 1, 0): 1
(8, 7, 6, 5, 4, 3, 2, 1, 0): 1
(9, 8, 7, 6, 5, 4, 3, 2, 1, 0): 1
(10, 9, 8, 7, 6, 5, 4, 3, 2, 1, 0): 1
(11, 10, 9, 8, 7, 6, 5, 4, 3, 2, 1, 0): 1
(12, 11, 10, 9, 8, 7, 6, 5, 4, 3, 2, 1, 0): 1
(13, 12, 11, 10, 9, 8, 7, 6, 5, 4, 3, 2, 1, 0): 1
(14, 13, 12, 11, 10, 9, 8, 7, 6, 5, 4, 3, 2, 1, 0): 1
(15, 14, 13, 12, 11, 10, 9, 8, 7, 6, 5, 4, 3, 2, 1, 0): 1
(16, 15, 14, 13, 12, 11, 10, 9, 8, 7, 6, 5, 4, 3, 2, 1, 0): 1
(17, 16, 15, 14, 13, 12, 11, 10, 9, 8, 7, 6, 5, 4, 3, 2, 1, 0): 1
(18, 17, 16, 15, 14, 13, 12, 11, 10, 9, 8, 7, 6, 5, 4, 3, 2, 1, 0): 1
(19, 18, 17, 16, 15, 14, 13, 12, 11, 10, 9, 8, 7, 6, 5, 4, 3, 2, 1, 0): 1
(20, 19, 18, 17, 16, 15, 14, 13, 12, 11, 10, 9, 8, 7, 6, 5, 4, 3, 2, 1, 0): 1
(21, 20, 19, 18, 17, 16, 15, 14, 13, 12, 11, 10, 9, 8, 7, 6, 5, 4, 3, 2, 1, 0): 479
Start LLaVa inference...
self.n_replica:  1
====== Graph for prefill generated ======
====== Graph for decode generated ======
====== Graph for vision generated ======
Duration of graphs:  [26.075136184692383, 69.4302749633789]
Frame interval: 0.0699 s
Throughput: 14.31
LLaVa inference finished.
Iteration 2 completed.
--------------------------------------
Running iteration 3 with 21 tokens...
/workspace/xformers/playground/../../repos/x-transformers/x_transformers/x_transformers.py:439: FutureWarning: `torch.cuda.amp.autocast(args...)` is deprecated. Please use `torch.amp.autocast('cuda', args...)` instead.
  @autocast(enabled = False)
/workspace/xformers/playground/../../repos/x-transformers/x_transformers/x_transformers.py:461: FutureWarning: `torch.cuda.amp.autocast(args...)` is deprecated. Please use `torch.amp.autocast('cuda', args...)` instead.
  @autocast(enabled = False)
/usr/lib/python3.10/contextlib.py:103: FutureWarning: `torch.backends.cuda.sdp_kernel()` is deprecated. In the future, this context manager will be removed. Please see `torch.nn.attention.sdpa_kernel()` for the new context manager, with updated signature.
  self.gen = func(*args, **kwds)
Namespace(query_interval=1, input_seq_len=8, encoder_n=1, prefill_n=1, decode_n=1, encoder_len=1, prefill_len=1, decode_len=20, simu_ts_len=500, real_run=True, enable_recompute=False, mode='ours', req_interval=0.1362, model='llava', dim=512, enable_slice=False, warmup_num=10, trail_num=20, profile_mode='flashinfer', only_profile=False, num_trails=200, worker_num=3, verbose=0, config='./config_ours.yaml', diffusion_step=100, diffusion_stage_num=5)
['e', 'p', 'd', 'd', 'd', 'd', 'd', 'd', 'd', 'd', 'd', 'd', 'd', 'd', 'd', 'd', 'd', 'd', 'd', 'd', 'd', 'd']
22
---------
('e',): 1
('p', 'e'): 1
('d', 'p', 'e'): 1
('d', 'd', 'p', 'e'): 1
('d', 'd', 'd', 'p', 'e'): 1
('d', 'd', 'd', 'd', 'p', 'e'): 1
('d', 'd', 'd', 'd', 'd', 'p', 'e'): 1
('d', 'd', 'd', 'd', 'd', 'd', 'p', 'e'): 1
('d', 'd', 'd', 'd', 'd', 'd', 'd', 'p', 'e'): 1
('d', 'd', 'd', 'd', 'd', 'd', 'd', 'd', 'p', 'e'): 1
('d', 'd', 'd', 'd', 'd', 'd', 'd', 'd', 'd', 'p', 'e'): 1
('d', 'd', 'd', 'd', 'd', 'd', 'd', 'd', 'd', 'd', 'p', 'e'): 1
('d', 'd', 'd', 'd', 'd', 'd', 'd', 'd', 'd', 'd', 'd', 'p', 'e'): 1
('d', 'd', 'd', 'd', 'd', 'd', 'd', 'd', 'd', 'd', 'd', 'd', 'p', 'e'): 1
('d', 'd', 'd', 'd', 'd', 'd', 'd', 'd', 'd', 'd', 'd', 'd', 'd', 'p', 'e'): 1
('d', 'd', 'd', 'd', 'd', 'd', 'd', 'd', 'd', 'd', 'd', 'd', 'd', 'd', 'p', 'e'): 1
('d', 'd', 'd', 'd', 'd', 'd', 'd', 'd', 'd', 'd', 'd', 'd', 'd', 'd', 'd', 'p', 'e'): 1
('d', 'd', 'd', 'd', 'd', 'd', 'd', 'd', 'd', 'd', 'd', 'd', 'd', 'd', 'd', 'd', 'p', 'e'): 1
('d', 'd', 'd', 'd', 'd', 'd', 'd', 'd', 'd', 'd', 'd', 'd', 'd', 'd', 'd', 'd', 'd', 'p', 'e'): 1
('d', 'd', 'd', 'd', 'd', 'd', 'd', 'd', 'd', 'd', 'd', 'd', 'd', 'd', 'd', 'd', 'd', 'd', 'p', 'e'): 1
('d', 'd', 'd', 'd', 'd', 'd', 'd', 'd', 'd', 'd', 'd', 'd', 'd', 'd', 'd', 'd', 'd', 'd', 'd', 'p', 'e'): 1
('d', 'd', 'd', 'd', 'd', 'd', 'd', 'd', 'd', 'd', 'd', 'd', 'd', 'd', 'd', 'd', 'd', 'd', 'd', 'd', 'p', 'e'): 479
['e', 'p', 'd', 'd', 'd', 'd', 'd', 'd', 'd', 'd', 'd', 'd', 'd', 'd', 'd', 'd', 'd', 'd', 'd', 'd', 'd', 'd']
22
---------
(0,): 1
(1, 0): 1
(2, 1, 0): 1
(3, 2, 1, 0): 1
(4, 3, 2, 1, 0): 1
(5, 4, 3, 2, 1, 0): 1
(6, 5, 4, 3, 2, 1, 0): 1
(7, 6, 5, 4, 3, 2, 1, 0): 1
(8, 7, 6, 5, 4, 3, 2, 1, 0): 1
(9, 8, 7, 6, 5, 4, 3, 2, 1, 0): 1
(10, 9, 8, 7, 6, 5, 4, 3, 2, 1, 0): 1
(11, 10, 9, 8, 7, 6, 5, 4, 3, 2, 1, 0): 1
(12, 11, 10, 9, 8, 7, 6, 5, 4, 3, 2, 1, 0): 1
(13, 12, 11, 10, 9, 8, 7, 6, 5, 4, 3, 2, 1, 0): 1
(14, 13, 12, 11, 10, 9, 8, 7, 6, 5, 4, 3, 2, 1, 0): 1
(15, 14, 13, 12, 11, 10, 9, 8, 7, 6, 5, 4, 3, 2, 1, 0): 1
(16, 15, 14, 13, 12, 11, 10, 9, 8, 7, 6, 5, 4, 3, 2, 1, 0): 1
(17, 16, 15, 14, 13, 12, 11, 10, 9, 8, 7, 6, 5, 4, 3, 2, 1, 0): 1
(18, 17, 16, 15, 14, 13, 12, 11, 10, 9, 8, 7, 6, 5, 4, 3, 2, 1, 0): 1
(19, 18, 17, 16, 15, 14, 13, 12, 11, 10, 9, 8, 7, 6, 5, 4, 3, 2, 1, 0): 1
(20, 19, 18, 17, 16, 15, 14, 13, 12, 11, 10, 9, 8, 7, 6, 5, 4, 3, 2, 1, 0): 1
(21, 20, 19, 18, 17, 16, 15, 14, 13, 12, 11, 10, 9, 8, 7, 6, 5, 4, 3, 2, 1, 0): 479
Start LLaVa inference...
self.n_replica:  1
====== Graph for prefill generated ======
====== Graph for decode generated ======
====== Graph for vision generated ======
Duration of graphs:  [24.497888565063477, 69.45996856689453]
Frame interval: 0.0699 s
Throughput: 14.31
LLaVa inference finished.
Iteration 3 completed.
--------------------------------------
Running iteration 4 with 21 tokens...
/workspace/xformers/playground/../../repos/x-transformers/x_transformers/x_transformers.py:439: FutureWarning: `torch.cuda.amp.autocast(args...)` is deprecated. Please use `torch.amp.autocast('cuda', args...)` instead.
  @autocast(enabled = False)
/workspace/xformers/playground/../../repos/x-transformers/x_transformers/x_transformers.py:461: FutureWarning: `torch.cuda.amp.autocast(args...)` is deprecated. Please use `torch.amp.autocast('cuda', args...)` instead.
  @autocast(enabled = False)
/usr/lib/python3.10/contextlib.py:103: FutureWarning: `torch.backends.cuda.sdp_kernel()` is deprecated. In the future, this context manager will be removed. Please see `torch.nn.attention.sdpa_kernel()` for the new context manager, with updated signature.
  self.gen = func(*args, **kwds)
Namespace(query_interval=1, input_seq_len=8, encoder_n=1, prefill_n=1, decode_n=1, encoder_len=1, prefill_len=1, decode_len=20, simu_ts_len=500, real_run=True, enable_recompute=False, mode='ours', req_interval=0.1362, model='llava', dim=512, enable_slice=False, warmup_num=10, trail_num=20, profile_mode='flashinfer', only_profile=False, num_trails=200, worker_num=3, verbose=0, config='./config_ours.yaml', diffusion_step=100, diffusion_stage_num=5)
['e', 'p', 'd', 'd', 'd', 'd', 'd', 'd', 'd', 'd', 'd', 'd', 'd', 'd', 'd', 'd', 'd', 'd', 'd', 'd', 'd', 'd']
22
---------
('e',): 1
('p', 'e'): 1
('d', 'p', 'e'): 1
('d', 'd', 'p', 'e'): 1
('d', 'd', 'd', 'p', 'e'): 1
('d', 'd', 'd', 'd', 'p', 'e'): 1
('d', 'd', 'd', 'd', 'd', 'p', 'e'): 1
('d', 'd', 'd', 'd', 'd', 'd', 'p', 'e'): 1
('d', 'd', 'd', 'd', 'd', 'd', 'd', 'p', 'e'): 1
('d', 'd', 'd', 'd', 'd', 'd', 'd', 'd', 'p', 'e'): 1
('d', 'd', 'd', 'd', 'd', 'd', 'd', 'd', 'd', 'p', 'e'): 1
('d', 'd', 'd', 'd', 'd', 'd', 'd', 'd', 'd', 'd', 'p', 'e'): 1
('d', 'd', 'd', 'd', 'd', 'd', 'd', 'd', 'd', 'd', 'd', 'p', 'e'): 1
('d', 'd', 'd', 'd', 'd', 'd', 'd', 'd', 'd', 'd', 'd', 'd', 'p', 'e'): 1
('d', 'd', 'd', 'd', 'd', 'd', 'd', 'd', 'd', 'd', 'd', 'd', 'd', 'p', 'e'): 1
('d', 'd', 'd', 'd', 'd', 'd', 'd', 'd', 'd', 'd', 'd', 'd', 'd', 'd', 'p', 'e'): 1
('d', 'd', 'd', 'd', 'd', 'd', 'd', 'd', 'd', 'd', 'd', 'd', 'd', 'd', 'd', 'p', 'e'): 1
('d', 'd', 'd', 'd', 'd', 'd', 'd', 'd', 'd', 'd', 'd', 'd', 'd', 'd', 'd', 'd', 'p', 'e'): 1
('d', 'd', 'd', 'd', 'd', 'd', 'd', 'd', 'd', 'd', 'd', 'd', 'd', 'd', 'd', 'd', 'd', 'p', 'e'): 1
('d', 'd', 'd', 'd', 'd', 'd', 'd', 'd', 'd', 'd', 'd', 'd', 'd', 'd', 'd', 'd', 'd', 'd', 'p', 'e'): 1
('d', 'd', 'd', 'd', 'd', 'd', 'd', 'd', 'd', 'd', 'd', 'd', 'd', 'd', 'd', 'd', 'd', 'd', 'd', 'p', 'e'): 1
('d', 'd', 'd', 'd', 'd', 'd', 'd', 'd', 'd', 'd', 'd', 'd', 'd', 'd', 'd', 'd', 'd', 'd', 'd', 'd', 'p', 'e'): 479
['e', 'p', 'd', 'd', 'd', 'd', 'd', 'd', 'd', 'd', 'd', 'd', 'd', 'd', 'd', 'd', 'd', 'd', 'd', 'd', 'd', 'd']
22
---------
(0,): 1
(1, 0): 1
(2, 1, 0): 1
(3, 2, 1, 0): 1
(4, 3, 2, 1, 0): 1
(5, 4, 3, 2, 1, 0): 1
(6, 5, 4, 3, 2, 1, 0): 1
(7, 6, 5, 4, 3, 2, 1, 0): 1
(8, 7, 6, 5, 4, 3, 2, 1, 0): 1
(9, 8, 7, 6, 5, 4, 3, 2, 1, 0): 1
(10, 9, 8, 7, 6, 5, 4, 3, 2, 1, 0): 1
(11, 10, 9, 8, 7, 6, 5, 4, 3, 2, 1, 0): 1
(12, 11, 10, 9, 8, 7, 6, 5, 4, 3, 2, 1, 0): 1
(13, 12, 11, 10, 9, 8, 7, 6, 5, 4, 3, 2, 1, 0): 1
(14, 13, 12, 11, 10, 9, 8, 7, 6, 5, 4, 3, 2, 1, 0): 1
(15, 14, 13, 12, 11, 10, 9, 8, 7, 6, 5, 4, 3, 2, 1, 0): 1
(16, 15, 14, 13, 12, 11, 10, 9, 8, 7, 6, 5, 4, 3, 2, 1, 0): 1
(17, 16, 15, 14, 13, 12, 11, 10, 9, 8, 7, 6, 5, 4, 3, 2, 1, 0): 1
(18, 17, 16, 15, 14, 13, 12, 11, 10, 9, 8, 7, 6, 5, 4, 3, 2, 1, 0): 1
(19, 18, 17, 16, 15, 14, 13, 12, 11, 10, 9, 8, 7, 6, 5, 4, 3, 2, 1, 0): 1
(20, 19, 18, 17, 16, 15, 14, 13, 12, 11, 10, 9, 8, 7, 6, 5, 4, 3, 2, 1, 0): 1
(21, 20, 19, 18, 17, 16, 15, 14, 13, 12, 11, 10, 9, 8, 7, 6, 5, 4, 3, 2, 1, 0): 479
Start LLaVa inference...
self.n_replica:  1
====== Graph for prefill generated ======
====== Graph for decode generated ======
====== Graph for vision generated ======
Duration of graphs:  [24.14784049987793, 69.26131439208984]
Frame interval: 0.0700 s
Throughput: 14.28
LLaVa inference finished.
Iteration 4 completed.
--------------------------------------
Running iteration 5 with 21 tokens...
/workspace/xformers/playground/../../repos/x-transformers/x_transformers/x_transformers.py:439: FutureWarning: `torch.cuda.amp.autocast(args...)` is deprecated. Please use `torch.amp.autocast('cuda', args...)` instead.
  @autocast(enabled = False)
/workspace/xformers/playground/../../repos/x-transformers/x_transformers/x_transformers.py:461: FutureWarning: `torch.cuda.amp.autocast(args...)` is deprecated. Please use `torch.amp.autocast('cuda', args...)` instead.
  @autocast(enabled = False)
/usr/lib/python3.10/contextlib.py:103: FutureWarning: `torch.backends.cuda.sdp_kernel()` is deprecated. In the future, this context manager will be removed. Please see `torch.nn.attention.sdpa_kernel()` for the new context manager, with updated signature.
  self.gen = func(*args, **kwds)
Namespace(query_interval=1, input_seq_len=8, encoder_n=1, prefill_n=1, decode_n=1, encoder_len=1, prefill_len=1, decode_len=20, simu_ts_len=500, real_run=True, enable_recompute=False, mode='ours', req_interval=0.1362, model='llava', dim=512, enable_slice=False, warmup_num=10, trail_num=20, profile_mode='flashinfer', only_profile=False, num_trails=200, worker_num=3, verbose=0, config='./config_ours.yaml', diffusion_step=100, diffusion_stage_num=5)
['e', 'p', 'd', 'd', 'd', 'd', 'd', 'd', 'd', 'd', 'd', 'd', 'd', 'd', 'd', 'd', 'd', 'd', 'd', 'd', 'd', 'd']
22
---------
('e',): 1
('p', 'e'): 1
('d', 'p', 'e'): 1
('d', 'd', 'p', 'e'): 1
('d', 'd', 'd', 'p', 'e'): 1
('d', 'd', 'd', 'd', 'p', 'e'): 1
('d', 'd', 'd', 'd', 'd', 'p', 'e'): 1
('d', 'd', 'd', 'd', 'd', 'd', 'p', 'e'): 1
('d', 'd', 'd', 'd', 'd', 'd', 'd', 'p', 'e'): 1
('d', 'd', 'd', 'd', 'd', 'd', 'd', 'd', 'p', 'e'): 1
('d', 'd', 'd', 'd', 'd', 'd', 'd', 'd', 'd', 'p', 'e'): 1
('d', 'd', 'd', 'd', 'd', 'd', 'd', 'd', 'd', 'd', 'p', 'e'): 1
('d', 'd', 'd', 'd', 'd', 'd', 'd', 'd', 'd', 'd', 'd', 'p', 'e'): 1
('d', 'd', 'd', 'd', 'd', 'd', 'd', 'd', 'd', 'd', 'd', 'd', 'p', 'e'): 1
('d', 'd', 'd', 'd', 'd', 'd', 'd', 'd', 'd', 'd', 'd', 'd', 'd', 'p', 'e'): 1
('d', 'd', 'd', 'd', 'd', 'd', 'd', 'd', 'd', 'd', 'd', 'd', 'd', 'd', 'p', 'e'): 1
('d', 'd', 'd', 'd', 'd', 'd', 'd', 'd', 'd', 'd', 'd', 'd', 'd', 'd', 'd', 'p', 'e'): 1
('d', 'd', 'd', 'd', 'd', 'd', 'd', 'd', 'd', 'd', 'd', 'd', 'd', 'd', 'd', 'd', 'p', 'e'): 1
('d', 'd', 'd', 'd', 'd', 'd', 'd', 'd', 'd', 'd', 'd', 'd', 'd', 'd', 'd', 'd', 'd', 'p', 'e'): 1
('d', 'd', 'd', 'd', 'd', 'd', 'd', 'd', 'd', 'd', 'd', 'd', 'd', 'd', 'd', 'd', 'd', 'd', 'p', 'e'): 1
('d', 'd', 'd', 'd', 'd', 'd', 'd', 'd', 'd', 'd', 'd', 'd', 'd', 'd', 'd', 'd', 'd', 'd', 'd', 'p', 'e'): 1
('d', 'd', 'd', 'd', 'd', 'd', 'd', 'd', 'd', 'd', 'd', 'd', 'd', 'd', 'd', 'd', 'd', 'd', 'd', 'd', 'p', 'e'): 479
['e', 'p', 'd', 'd', 'd', 'd', 'd', 'd', 'd', 'd', 'd', 'd', 'd', 'd', 'd', 'd', 'd', 'd', 'd', 'd', 'd', 'd']
22
---------
(0,): 1
(1, 0): 1
(2, 1, 0): 1
(3, 2, 1, 0): 1
(4, 3, 2, 1, 0): 1
(5, 4, 3, 2, 1, 0): 1
(6, 5, 4, 3, 2, 1, 0): 1
(7, 6, 5, 4, 3, 2, 1, 0): 1
(8, 7, 6, 5, 4, 3, 2, 1, 0): 1
(9, 8, 7, 6, 5, 4, 3, 2, 1, 0): 1
(10, 9, 8, 7, 6, 5, 4, 3, 2, 1, 0): 1
(11, 10, 9, 8, 7, 6, 5, 4, 3, 2, 1, 0): 1
(12, 11, 10, 9, 8, 7, 6, 5, 4, 3, 2, 1, 0): 1
(13, 12, 11, 10, 9, 8, 7, 6, 5, 4, 3, 2, 1, 0): 1
(14, 13, 12, 11, 10, 9, 8, 7, 6, 5, 4, 3, 2, 1, 0): 1
(15, 14, 13, 12, 11, 10, 9, 8, 7, 6, 5, 4, 3, 2, 1, 0): 1
(16, 15, 14, 13, 12, 11, 10, 9, 8, 7, 6, 5, 4, 3, 2, 1, 0): 1
(17, 16, 15, 14, 13, 12, 11, 10, 9, 8, 7, 6, 5, 4, 3, 2, 1, 0): 1
(18, 17, 16, 15, 14, 13, 12, 11, 10, 9, 8, 7, 6, 5, 4, 3, 2, 1, 0): 1
(19, 18, 17, 16, 15, 14, 13, 12, 11, 10, 9, 8, 7, 6, 5, 4, 3, 2, 1, 0): 1
(20, 19, 18, 17, 16, 15, 14, 13, 12, 11, 10, 9, 8, 7, 6, 5, 4, 3, 2, 1, 0): 1
(21, 20, 19, 18, 17, 16, 15, 14, 13, 12, 11, 10, 9, 8, 7, 6, 5, 4, 3, 2, 1, 0): 479
Start LLaVa inference...
self.n_replica:  1
====== Graph for prefill generated ======
====== Graph for decode generated ======
====== Graph for vision generated ======
Duration of graphs:  [26.044416427612305, 69.57465362548828]
Frame interval: 0.0699 s
Throughput: 14.31
LLaVa inference finished.
Iteration 5 completed.
--------------------------------------
All iterations are complete. Output saved to llava_21_ours.log.
Average Query Duration: 0.06992 s (0.06992000 seconds)
Throughput: 14.30205949 requests/second
