Testing with worker_num=2
Running iteration 1 with worker_num=2...
/workspace/xformers/playground/../../repos/x-transformers/x_transformers/x_transformers.py:439: FutureWarning: `torch.cuda.amp.autocast(args...)` is deprecated. Please use `torch.amp.autocast('cuda', args...)` instead.
  @autocast(enabled = False)
/workspace/xformers/playground/../../repos/x-transformers/x_transformers/x_transformers.py:461: FutureWarning: `torch.cuda.amp.autocast(args...)` is deprecated. Please use `torch.amp.autocast('cuda', args...)` instead.
  @autocast(enabled = False)
Namespace(query_interval=1, input_seq_len=8, encoder_n=1, prefill_n=1, decode_n=1, encoder_len=1, prefill_len=1, decode_len=6, simu_ts_len=500, real_run=True, enable_recompute=False, mode='parallel_v2', req_interval=0.04106, model='diffusion_cnn', dim=512, enable_slice=False, warmup_num=10, trail_num=20, profile_mode='flashinfer', only_profile=False, num_trails=200, worker_num=2, verbose=0, config='./config_parallel.yaml', diffusion_step=16, diffusion_stage_num=4, input_img_num=4, input_img_size=84, input_traj_cnn_size=16, input_traj_transformer_size=10, input_cond_size=274, input_dim=20, cond_dim=274, n_emb=768, global_cond_dim=548, perception_scale=1.0, generation_scale=1.0)
Start DiffusionPolicy inference...
data_type:  torch.bfloat16
Perception params: 1.168951e+07
Generation params: 2.635040e+08
====== Graph for resnet generated ======
====== Graph for backbone generated ======
Query latency: 93.973 ms
Query duration: 44.573
Throughput: 22.435
DiffusionPolicy inference finished.
Iteration 1 completed.
--------------------------------------
Running iteration 2 with worker_num=2...
/workspace/xformers/playground/../../repos/x-transformers/x_transformers/x_transformers.py:439: FutureWarning: `torch.cuda.amp.autocast(args...)` is deprecated. Please use `torch.amp.autocast('cuda', args...)` instead.
  @autocast(enabled = False)
/workspace/xformers/playground/../../repos/x-transformers/x_transformers/x_transformers.py:461: FutureWarning: `torch.cuda.amp.autocast(args...)` is deprecated. Please use `torch.amp.autocast('cuda', args...)` instead.
  @autocast(enabled = False)
Namespace(query_interval=1, input_seq_len=8, encoder_n=1, prefill_n=1, decode_n=1, encoder_len=1, prefill_len=1, decode_len=6, simu_ts_len=500, real_run=True, enable_recompute=False, mode='parallel_v2', req_interval=0.04106, model='diffusion_cnn', dim=512, enable_slice=False, warmup_num=10, trail_num=20, profile_mode='flashinfer', only_profile=False, num_trails=200, worker_num=2, verbose=0, config='./config_parallel.yaml', diffusion_step=16, diffusion_stage_num=4, input_img_num=4, input_img_size=84, input_traj_cnn_size=16, input_traj_transformer_size=10, input_cond_size=274, input_dim=20, cond_dim=274, n_emb=768, global_cond_dim=548, perception_scale=1.0, generation_scale=1.0)
Start DiffusionPolicy inference...
data_type:  torch.bfloat16
Perception params: 1.168951e+07
Generation params: 2.635040e+08
====== Graph for resnet generated ======
====== Graph for backbone generated ======
Query latency: 90.694 ms
Query duration: 44.485
Throughput: 22.480
DiffusionPolicy inference finished.
Iteration 2 completed.
--------------------------------------
Running iteration 3 with worker_num=2...
/workspace/xformers/playground/../../repos/x-transformers/x_transformers/x_transformers.py:439: FutureWarning: `torch.cuda.amp.autocast(args...)` is deprecated. Please use `torch.amp.autocast('cuda', args...)` instead.
  @autocast(enabled = False)
/workspace/xformers/playground/../../repos/x-transformers/x_transformers/x_transformers.py:461: FutureWarning: `torch.cuda.amp.autocast(args...)` is deprecated. Please use `torch.amp.autocast('cuda', args...)` instead.
  @autocast(enabled = False)
Namespace(query_interval=1, input_seq_len=8, encoder_n=1, prefill_n=1, decode_n=1, encoder_len=1, prefill_len=1, decode_len=6, simu_ts_len=500, real_run=True, enable_recompute=False, mode='parallel_v2', req_interval=0.04106, model='diffusion_cnn', dim=512, enable_slice=False, warmup_num=10, trail_num=20, profile_mode='flashinfer', only_profile=False, num_trails=200, worker_num=2, verbose=0, config='./config_parallel.yaml', diffusion_step=16, diffusion_stage_num=4, input_img_num=4, input_img_size=84, input_traj_cnn_size=16, input_traj_transformer_size=10, input_cond_size=274, input_dim=20, cond_dim=274, n_emb=768, global_cond_dim=548, perception_scale=1.0, generation_scale=1.0)
Start DiffusionPolicy inference...
data_type:  torch.bfloat16
Perception params: 1.168951e+07
Generation params: 2.635040e+08
====== Graph for resnet generated ======
====== Graph for backbone generated ======
Query latency: 94.145 ms
Query duration: 44.627
Throughput: 22.408
DiffusionPolicy inference finished.
Iteration 3 completed.
--------------------------------------
Running iteration 4 with worker_num=2...
/workspace/xformers/playground/../../repos/x-transformers/x_transformers/x_transformers.py:439: FutureWarning: `torch.cuda.amp.autocast(args...)` is deprecated. Please use `torch.amp.autocast('cuda', args...)` instead.
  @autocast(enabled = False)
/workspace/xformers/playground/../../repos/x-transformers/x_transformers/x_transformers.py:461: FutureWarning: `torch.cuda.amp.autocast(args...)` is deprecated. Please use `torch.amp.autocast('cuda', args...)` instead.
  @autocast(enabled = False)
Namespace(query_interval=1, input_seq_len=8, encoder_n=1, prefill_n=1, decode_n=1, encoder_len=1, prefill_len=1, decode_len=6, simu_ts_len=500, real_run=True, enable_recompute=False, mode='parallel_v2', req_interval=0.04106, model='diffusion_cnn', dim=512, enable_slice=False, warmup_num=10, trail_num=20, profile_mode='flashinfer', only_profile=False, num_trails=200, worker_num=2, verbose=0, config='./config_parallel.yaml', diffusion_step=16, diffusion_stage_num=4, input_img_num=4, input_img_size=84, input_traj_cnn_size=16, input_traj_transformer_size=10, input_cond_size=274, input_dim=20, cond_dim=274, n_emb=768, global_cond_dim=548, perception_scale=1.0, generation_scale=1.0)
Start DiffusionPolicy inference...
data_type:  torch.bfloat16
Perception params: 1.168951e+07
Generation params: 2.635040e+08
====== Graph for resnet generated ======
====== Graph for backbone generated ======
Query latency: 94.964 ms
Query duration: 44.772
Throughput: 22.336
DiffusionPolicy inference finished.
Iteration 4 completed.
--------------------------------------
Running iteration 5 with worker_num=2...
/workspace/xformers/playground/../../repos/x-transformers/x_transformers/x_transformers.py:439: FutureWarning: `torch.cuda.amp.autocast(args...)` is deprecated. Please use `torch.amp.autocast('cuda', args...)` instead.
  @autocast(enabled = False)
/workspace/xformers/playground/../../repos/x-transformers/x_transformers/x_transformers.py:461: FutureWarning: `torch.cuda.amp.autocast(args...)` is deprecated. Please use `torch.amp.autocast('cuda', args...)` instead.
  @autocast(enabled = False)
Namespace(query_interval=1, input_seq_len=8, encoder_n=1, prefill_n=1, decode_n=1, encoder_len=1, prefill_len=1, decode_len=6, simu_ts_len=500, real_run=True, enable_recompute=False, mode='parallel_v2', req_interval=0.04106, model='diffusion_cnn', dim=512, enable_slice=False, warmup_num=10, trail_num=20, profile_mode='flashinfer', only_profile=False, num_trails=200, worker_num=2, verbose=0, config='./config_parallel.yaml', diffusion_step=16, diffusion_stage_num=4, input_img_num=4, input_img_size=84, input_traj_cnn_size=16, input_traj_transformer_size=10, input_cond_size=274, input_dim=20, cond_dim=274, n_emb=768, global_cond_dim=548, perception_scale=1.0, generation_scale=1.0)
Start DiffusionPolicy inference...
data_type:  torch.bfloat16
Perception params: 1.168951e+07
Generation params: 2.635040e+08
====== Graph for resnet generated ======
====== Graph for backbone generated ======
Query latency: 96.986 ms
Query duration: 44.723
Throughput: 22.360
DiffusionPolicy inference finished.
Iteration 5 completed.
--------------------------------------
All iterations for worker_num=2 are complete. Output saved to diffusion_cnn_parallel_worker2.log.
Average Query Duration: 44.636 ms (0.04463600 seconds)
Throughput: 22.40344116 requests/second
====================================
