Running iteration 1 with 64.0...
/workspace/xformers/playground/../../repos/x-transformers/x_transformers/x_transformers.py:439: FutureWarning: `torch.cuda.amp.autocast(args...)` is deprecated. Please use `torch.amp.autocast('cuda', args...)` instead.
  @autocast(enabled = False)
/workspace/xformers/playground/../../repos/x-transformers/x_transformers/x_transformers.py:461: FutureWarning: `torch.cuda.amp.autocast(args...)` is deprecated. Please use `torch.amp.autocast('cuda', args...)` instead.
  @autocast(enabled = False)
Namespace(query_interval=1, input_seq_len=8, encoder_n=1, prefill_n=1, decode_n=1, encoder_len=1, prefill_len=1, decode_len=10, simu_ts_len=500, real_run=True, enable_recompute=False, mode='seq', req_interval=0.1362, model='diffusion_transformer', dim=512, enable_slice=False, warmup_num=10, trail_num=20, profile_mode='flashinfer', only_profile=False, num_trails=200, worker_num=3, verbose=0, config='./config_seq.yaml', diffusion_step=100, diffusion_stage_num=5, input_img_num=1, input_img_size=96, input_traj_cnn_size=16, input_traj_transformer_size=10, input_cond_size=66, input_dim=2, cond_dim=66, n_emb=256, global_cond_dim=132, perception_scale=64.0, generation_scale=64.0)
Start DiffusionPolicy inference...
Perception params: 7.481288e+08
Generation params: 5.744232e+10
====== Graph for resnet generated ======
Warning: /usr/local/lib/python3.10/dist-packages/torch/nn/modules/transformer.py changed
Warning: /usr/local/lib/python3.10/dist-packages/torch/nn/modules/transformer.py changed
====== Graph for backbone generated ======
Query duration: 2485.69 ms
Throughput: 0.402
DiffusionPolicy inference finished.
Iteration 1 completed.
--------------------------------------
Running iteration 2 with 64.0...
/workspace/xformers/playground/../../repos/x-transformers/x_transformers/x_transformers.py:439: FutureWarning: `torch.cuda.amp.autocast(args...)` is deprecated. Please use `torch.amp.autocast('cuda', args...)` instead.
  @autocast(enabled = False)
/workspace/xformers/playground/../../repos/x-transformers/x_transformers/x_transformers.py:461: FutureWarning: `torch.cuda.amp.autocast(args...)` is deprecated. Please use `torch.amp.autocast('cuda', args...)` instead.
  @autocast(enabled = False)
Namespace(query_interval=1, input_seq_len=8, encoder_n=1, prefill_n=1, decode_n=1, encoder_len=1, prefill_len=1, decode_len=10, simu_ts_len=500, real_run=True, enable_recompute=False, mode='seq', req_interval=0.1362, model='diffusion_transformer', dim=512, enable_slice=False, warmup_num=10, trail_num=20, profile_mode='flashinfer', only_profile=False, num_trails=200, worker_num=3, verbose=0, config='./config_seq.yaml', diffusion_step=100, diffusion_stage_num=5, input_img_num=1, input_img_size=96, input_traj_cnn_size=16, input_traj_transformer_size=10, input_cond_size=66, input_dim=2, cond_dim=66, n_emb=256, global_cond_dim=132, perception_scale=64.0, generation_scale=64.0)
Start DiffusionPolicy inference...
Perception params: 7.481288e+08
Generation params: 5.744232e+10
====== Graph for resnet generated ======
Warning: /usr/local/lib/python3.10/dist-packages/torch/nn/modules/transformer.py changed
Warning: /usr/local/lib/python3.10/dist-packages/torch/nn/modules/transformer.py changed
====== Graph for backbone generated ======
Query duration: 2490.76 ms
Throughput: 0.401
DiffusionPolicy inference finished.
Iteration 2 completed.
--------------------------------------
Running iteration 3 with 64.0...
/workspace/xformers/playground/../../repos/x-transformers/x_transformers/x_transformers.py:439: FutureWarning: `torch.cuda.amp.autocast(args...)` is deprecated. Please use `torch.amp.autocast('cuda', args...)` instead.
  @autocast(enabled = False)
/workspace/xformers/playground/../../repos/x-transformers/x_transformers/x_transformers.py:461: FutureWarning: `torch.cuda.amp.autocast(args...)` is deprecated. Please use `torch.amp.autocast('cuda', args...)` instead.
  @autocast(enabled = False)
Namespace(query_interval=1, input_seq_len=8, encoder_n=1, prefill_n=1, decode_n=1, encoder_len=1, prefill_len=1, decode_len=10, simu_ts_len=500, real_run=True, enable_recompute=False, mode='seq', req_interval=0.1362, model='diffusion_transformer', dim=512, enable_slice=False, warmup_num=10, trail_num=20, profile_mode='flashinfer', only_profile=False, num_trails=200, worker_num=3, verbose=0, config='./config_seq.yaml', diffusion_step=100, diffusion_stage_num=5, input_img_num=1, input_img_size=96, input_traj_cnn_size=16, input_traj_transformer_size=10, input_cond_size=66, input_dim=2, cond_dim=66, n_emb=256, global_cond_dim=132, perception_scale=64.0, generation_scale=64.0)
Start DiffusionPolicy inference...
Perception params: 7.481288e+08
Generation params: 5.744232e+10
====== Graph for resnet generated ======
Warning: /usr/local/lib/python3.10/dist-packages/torch/nn/modules/transformer.py changed
Warning: /usr/local/lib/python3.10/dist-packages/torch/nn/modules/transformer.py changed
====== Graph for backbone generated ======
Query duration: 2486.23 ms
Throughput: 0.402
DiffusionPolicy inference finished.
Iteration 3 completed.
--------------------------------------
Running iteration 4 with 64.0...
/workspace/xformers/playground/../../repos/x-transformers/x_transformers/x_transformers.py:439: FutureWarning: `torch.cuda.amp.autocast(args...)` is deprecated. Please use `torch.amp.autocast('cuda', args...)` instead.
  @autocast(enabled = False)
/workspace/xformers/playground/../../repos/x-transformers/x_transformers/x_transformers.py:461: FutureWarning: `torch.cuda.amp.autocast(args...)` is deprecated. Please use `torch.amp.autocast('cuda', args...)` instead.
  @autocast(enabled = False)
Namespace(query_interval=1, input_seq_len=8, encoder_n=1, prefill_n=1, decode_n=1, encoder_len=1, prefill_len=1, decode_len=10, simu_ts_len=500, real_run=True, enable_recompute=False, mode='seq', req_interval=0.1362, model='diffusion_transformer', dim=512, enable_slice=False, warmup_num=10, trail_num=20, profile_mode='flashinfer', only_profile=False, num_trails=200, worker_num=3, verbose=0, config='./config_seq.yaml', diffusion_step=100, diffusion_stage_num=5, input_img_num=1, input_img_size=96, input_traj_cnn_size=16, input_traj_transformer_size=10, input_cond_size=66, input_dim=2, cond_dim=66, n_emb=256, global_cond_dim=132, perception_scale=64.0, generation_scale=64.0)
Start DiffusionPolicy inference...
Perception params: 7.481288e+08
Generation params: 5.744232e+10
====== Graph for resnet generated ======
Warning: /usr/local/lib/python3.10/dist-packages/torch/nn/modules/transformer.py changed
Warning: /usr/local/lib/python3.10/dist-packages/torch/nn/modules/transformer.py changed
====== Graph for backbone generated ======
Query duration: 2485.72 ms
Throughput: 0.402
DiffusionPolicy inference finished.
Iteration 4 completed.
--------------------------------------
Running iteration 5 with 64.0...
/workspace/xformers/playground/../../repos/x-transformers/x_transformers/x_transformers.py:439: FutureWarning: `torch.cuda.amp.autocast(args...)` is deprecated. Please use `torch.amp.autocast('cuda', args...)` instead.
  @autocast(enabled = False)
/workspace/xformers/playground/../../repos/x-transformers/x_transformers/x_transformers.py:461: FutureWarning: `torch.cuda.amp.autocast(args...)` is deprecated. Please use `torch.amp.autocast('cuda', args...)` instead.
  @autocast(enabled = False)
Namespace(query_interval=1, input_seq_len=8, encoder_n=1, prefill_n=1, decode_n=1, encoder_len=1, prefill_len=1, decode_len=10, simu_ts_len=500, real_run=True, enable_recompute=False, mode='seq', req_interval=0.1362, model='diffusion_transformer', dim=512, enable_slice=False, warmup_num=10, trail_num=20, profile_mode='flashinfer', only_profile=False, num_trails=200, worker_num=3, verbose=0, config='./config_seq.yaml', diffusion_step=100, diffusion_stage_num=5, input_img_num=1, input_img_size=96, input_traj_cnn_size=16, input_traj_transformer_size=10, input_cond_size=66, input_dim=2, cond_dim=66, n_emb=256, global_cond_dim=132, perception_scale=64.0, generation_scale=64.0)
Start DiffusionPolicy inference...
Perception params: 7.481288e+08
Generation params: 5.744232e+10
====== Graph for resnet generated ======
Warning: /usr/local/lib/python3.10/dist-packages/torch/nn/modules/transformer.py changed
Warning: /usr/local/lib/python3.10/dist-packages/torch/nn/modules/transformer.py changed
====== Graph for backbone generated ======
Query duration: 2490.99 ms
Throughput: 0.401
DiffusionPolicy inference finished.
Iteration 5 completed.
--------------------------------------
All iterations are complete. Output saved to diffusion_transformer_64.0_seq.log.
Average Query Duration: 2487.88 ms (2.48788000 seconds)
Throughput: 0.40194864 requests/second
